
{"timestamp":1584030328540,"level":"ALL","message":"--------- beginning of main"}
{"timestamp":1584030328542,"level":"ALL","message":"03-12 17:25:20.359  1759  2220 E GnssHAL_GnssInterface: gnssSvStatusCb: a: input svInfo.flags is 8"}
{"timestamp":1584030328542,"level":"ALL","message":"03-12 17:25:20.359  1759  2220 E GnssHAL_GnssInterface: gnssSvStatusCb: b: input svInfo.flags is 8"}
{"timestamp":1584030328542,"level":"ALL","message":"03-12 17:25:21.359  1759  2220 E GnssHAL_GnssInterface: gnssSvStatusCb: a: input svInfo.flags is 8"}
{"timestamp":1584030328542,"level":"ALL","message":"03-12 17:25:21.359  1759  2220 E GnssHAL_GnssInterface: gnssSvStatusCb: b: input svInfo.flags is 8"}
{"timestamp":1584030328542,"level":"ALL","message":"03-12 17:25:22.359  1759  2220 E GnssHAL_GnssInterface: gnssSvStatusCb: a: input svInfo.flags is 8"}
{"timestamp":1584030328542,"level":"ALL","message":"03-12 17:25:22.359  1759  2220 E GnssHAL_GnssInterface: gnssSvStatusCb: b: input svInfo.flags is 8"}
{"timestamp":1584030328542,"level":"ALL","message":"--------- beginning of system"}
{"timestamp":1584030328542,"level":"ALL","message":"03-12 17:25:22.370  1988  4738 W AppOps  : Noting op not finished: uid 10101 pkg com.google.android.gms code 41 time=1584030317367 duration=0"}
{"timestamp":1584030328542,"level":"ALL","message":"03-12 17:25:22.595  3803  3950 I MicroDetectionWorker: #startMicroDetector [speakerMode: 0]"}
{"timestamp":1584030328543,"level":"ALL","message":"03-12 17:25:22.596  3803  3950 W ErrorReporter: reportError [type: 211, code: 393244, bug: 0]: errorCode: 393244, engine: 0"}
{"timestamp":1584030328543,"level":"ALL","message":"03-12 17:25:22.596  3803  3950 I MicroDetector: Keeping mic open: false"}
{"timestamp":1584030328543,"level":"ALL","message":"03-12 17:25:22.597  3803  3950 I MicroDetectionWorker: #onError(false)"}
{"timestamp":1584030328544,"level":"ALL","message":"03-12 17:25:22.771  1988  2019 D KernelCpuUidUserSysTimeReader: Removing uids 10321-10321"}
{"timestamp":1584030328545,"level":"ALL","message":"03-12 17:25:23.359  1759  2220 E GnssHAL_GnssInterface: gnssSvStatusCb: a: input svInfo.flags is 8"}
{"timestamp":1584030328545,"level":"ALL","message":"03-12 17:25:23.359  1759  2220 E GnssHAL_GnssInterface: gnssSvStatusCb: b: input svInfo.flags is 8"}
{"timestamp":1584030328545,"level":"ALL","message":"03-12 17:25:24.359  1759  2220 E GnssHAL_GnssInterface: gnssSvStatusCb: a: input svInfo.flags is 8"}
{"timestamp":1584030328545,"level":"ALL","message":"03-12 17:25:24.359  1759  2220 E GnssHAL_GnssInterface: gnssSvStatusCb: b: input svInfo.flags is 8"}
{"timestamp":1584030328545,"level":"ALL","message":"03-12 17:25:25.359  1759  2220 E GnssHAL_GnssInterface: gnssSvStatusCb: a: input svInfo.flags is 8"}
{"timestamp":1584030328545,"level":"ALL","message":"03-12 17:25:25.359  1759  2220 E GnssHAL_GnssInterface: gnssSvStatusCb: b: input svInfo.flags is 8"}
{"timestamp":1584030328545,"level":"ALL","message":"03-12 17:25:26.280  1988  1988 V SettingsProvider: Notifying for 0: content://settings/global/hidden_api_policy_pre_p_apps"}
{"timestamp":1584030328545,"level":"ALL","message":"03-12 17:25:26.353  1988  1988 V SettingsProvider: Notifying for 0: content://settings/global/hidden_api_policy_p_apps"}
{"timestamp":1584030328545,"level":"ALL","message":"03-12 17:25:26.359  1759  2220 E GnssHAL_GnssInterface: gnssSvStatusCb: a: input svInfo.flags is 8"}
{"timestamp":1584030328545,"level":"ALL","message":"03-12 17:25:26.359  1759  2220 E GnssHAL_GnssInterface: gnssSvStatusCb: b: input svInfo.flags is 8"}
{"timestamp":1584030328545,"level":"ALL","message":"03-12 17:25:26.431  1988  1988 V SettingsProvider: Notifying for 0: content://settings/global/hidden_api_policy"}
{"timestamp":1584030329000,"level":"ALL","message":"03-12 17:25:27.364  1759  2220 E GnssHAL_GnssInterface: gnssSvStatusCb: a: input svInfo.flags is 8"}
{"timestamp":1584030329000,"level":"ALL","message":"03-12 17:25:27.364  1759  2220 E GnssHAL_GnssInterface: gnssSvStatusCb: b: input svInfo.flags is 8"}
{"timestamp":1584030329047,"level":"ALL","message":"03-12 17:25:27.407  1988  9239 W AppOps  : Noting op not finished: uid 10101 pkg com.google.android.gms code 41 time=1584030322371 duration=0"}
{"timestamp":1584030329233,"level":"ALL","message":"03-12 17:25:27.600  3803  3950 I MicroDetectionWorker: #startMicroDetector [speakerMode: 0]"}
{"timestamp":1584030329236,"level":"ALL","message":"03-12 17:25:27.601  3803  3950 W ErrorReporter: reportError [type: 211, code: 393244, bug: 0]: errorCode: 393244, engine: 0"}
{"timestamp":1584030329237,"level":"ALL","message":"03-12 17:25:27.604  3803  3950 I MicroDetector: Keeping mic open: false"}
{"timestamp":1584030329237,"level":"ALL","message":"03-12 17:25:27.604  3803  3950 I MicroDetectionWorker: #onError(false)"}
{"timestamp":1584030329996,"level":"ALL","message":"03-12 17:25:28.361  1759  2220 E GnssHAL_GnssInterface: gnssSvStatusCb: a: input svInfo.flags is 8"}
{"timestamp":1584030329996,"level":"ALL","message":"03-12 17:25:28.361  1759  2220 E GnssHAL_GnssInterface: gnssSvStatusCb: b: input svInfo.flags is 8"}
{"timestamp":1584030330996,"level":"ALL","message":"03-12 17:25:29.361  1759  2220 E GnssHAL_GnssInterface: gnssSvStatusCb: a: input svInfo.flags is 8"}
{"timestamp":1584030330996,"level":"ALL","message":"03-12 17:25:29.361  1759  2220 E GnssHAL_GnssInterface: gnssSvStatusCb: b: input svInfo.flags is 8"}
{"timestamp":1584030331997,"level":"ALL","message":"03-12 17:25:30.361  1759  2220 E GnssHAL_GnssInterface: gnssSvStatusCb: a: input svInfo.flags is 8"}
{"timestamp":1584030331997,"level":"ALL","message":"03-12 17:25:30.361  1759  2220 E GnssHAL_GnssInterface: gnssSvStatusCb: b: input svInfo.flags is 8"}
{"timestamp":1584030332995,"level":"ALL","message":"03-12 17:25:31.361  1759  2220 E GnssHAL_GnssInterface: gnssSvStatusCb: a: input svInfo.flags is 8"}
{"timestamp":1584030332995,"level":"ALL","message":"03-12 17:25:31.361  1759  2220 E GnssHAL_GnssInterface: gnssSvStatusCb: b: input svInfo.flags is 8"}
{"timestamp":1584030333995,"level":"ALL","message":"03-12 17:25:32.361  1759  2220 E GnssHAL_GnssInterface: gnssSvStatusCb: a: input svInfo.flags is 8"}
{"timestamp":1584030333995,"level":"ALL","message":"03-12 17:25:32.362  1759  2220 E GnssHAL_GnssInterface: gnssSvStatusCb: b: input svInfo.flags is 8"}
{"timestamp":1584030334244,"level":"ALL","message":"03-12 17:25:32.608  3803  3950 I MicroDetectionWorker: #startMicroDetector [speakerMode: 0]"}
{"timestamp":1584030334253,"level":"ALL","message":"03-12 17:25:32.609  3803  3950 W ErrorReporter: reportError [type: 211, code: 393244, bug: 0]: errorCode: 393244, engine: 0"}
{"timestamp":1584030334253,"level":"ALL","message":"03-12 17:25:32.613  3803  3950 I MicroDetector: Keeping mic open: false"}
{"timestamp":1584030334253,"level":"ALL","message":"03-12 17:25:32.613  3803  3950 I MicroDetectionWorker: #onError(false)"}
{"timestamp":1584030334995,"level":"ALL","message":"03-12 17:25:33.361  1759  2220 E GnssHAL_GnssInterface: gnssSvStatusCb: a: input svInfo.flags is 8"}
{"timestamp":1584030334995,"level":"ALL","message":"03-12 17:25:33.361  1759  2220 E GnssHAL_GnssInterface: gnssSvStatusCb: b: input svInfo.flags is 8"}
{"timestamp":1584030335016,"level":"ALL","message":"03-12 17:25:33.382  1988  4738 W AppOps  : Noting op not finished: uid 10101 pkg com.google.android.gms code 41 time=1584030327407 duration=0"}
{"timestamp":1584030335034,"level":"ALL","message":"03-12 17:25:33.400  1872  1872 E netmgr  : Failed to open QEMU pipe 'qemud:network': Invalid argument"}
{"timestamp":1584030335653,"level":"ALL","message":"03-12 17:25:34.017  1988  2026 I PackageManager: Un-granting permission android.permission.MANAGE_DOCUMENTS from package com.google.android.youtube (protectionLevel=262146 flags=0x30dbbe45)"}
{"timestamp":1584030335653,"level":"ALL","message":"03-12 17:25:34.018  1988  2026 I PackageManager: Un-granting permission android.permission.WRITE_SETTINGS from package io.appium.settings (protectionLevel=1218 flags=0x30883e46)"}
{"timestamp":1584030335653,"level":"ALL","message":"03-12 17:25:34.018  1988  2026 I PackageManager: Un-granting permission android.permission.ACCESS_MOCK_LOCATION from package io.appium.settings (protectionLevel=2 flags=0x30883e46)"}
{"timestamp":1584030335653,"level":"ALL","message":"03-12 17:25:34.019  1988  2026 I PackageManager: Un-granting permission com.google.android.googleapps.permission.GOOGLE_AUTH from package com.android.providers.calendar (protectionLevel=2 flags=0x30883e45)"}
{"timestamp":1584030335653,"level":"ALL","message":"03-12 17:25:34.019  1988  2026 I PackageManager: Un-granting permission com.google.android.googleapps.permission.GOOGLE_AUTH.cl from package com.android.providers.calendar (protectionLevel=2 flags=0x30883e45)"}
{"timestamp":1584030335653,"level":"ALL","message":"03-12 17:25:34.019  1988  2026 I PackageManager: Un-granting permission android.permission.WRITE_SECURE_SETTINGS from package com.google.android.apps.enterprise.dmagent (protectionLevel=50 flags=0x30083e05)"}
{"timestamp":1584030335653,"level":"ALL","message":"03-12 17:25:34.019  1988  2026 I PackageManager: Un-granting permission android.permission.CONNECTIVITY_INTERNAL from package com.google.android.apps.enterprise.dmagent (protectionLevel=18 flags=0x30083e05)"}
{"timestamp":1584030335653,"level":"ALL","message":"03-12 17:25:34.019  1988  2026 I PackageManager: Un-granting permission android.permission.MANAGE_USB from package com.google.android.apps.enterprise.dmagent (protectionLevel=18 flags=0x30083e05)"}
{"timestamp":1584030335653,"level":"ALL","message":"03-12 17:25:34.019  1988  2026 I PackageManager: Un-granting permission android.permission.CHANGE_COMPONENT_ENABLED_STATE from package com.google.android.apps.enterprise.dmagent (protectionLevel=18 flags=0x30083e05)"}
{"timestamp":1584030335653,"level":"ALL","message":"03-12 17:25:34.019  1988  2026 I PackageManager: Un-granting permission android.permission.MANAGE_CA_CERTIFICATES from package com.google.android.apps.enterprise.dmagent (protectionLevel=18 flags=0x30083e05)"}
{"timestamp":1584030335653,"level":"ALL","message":"03-12 17:25:34.019  1988  2026 I PackageManager: Un-granting permission android.permission.MANAGE_USERS from package com.google.android.apps.enterprise.dmagent (protectionLevel=18 flags=0x30083e05)"}
{"timestamp":1584030335653,"level":"ALL","message":"03-12 17:25:34.020  1988  2026 I PackageManager: Un-granting permission com.google.android.setupwizard.READ_DEVICE_ORIGIN from package com.google.android.apps.messaging (protectionLevel=18 flags=0x38cbbe45)"}
{"timestamp":1584030335664,"level":"ALL","message":"03-12 17:25:34.021  1988  2026 I PackageManager: Un-granting permission android.permission.BIND_WALLPAPER from package com.android.camera2 (protectionLevel=18 flags=0x20d8bc45)"}
{"timestamp":1584030335664,"level":"ALL","message":"03-12 17:25:34.023  1988  2026 I PackageManager: Un-granting permission android.permission.REQUEST_INSTALL_PACKAGES from package com.google.android.gm (protectionLevel=66 flags=0x38cbbe45)"}
{"timestamp":1584030335664,"level":"ALL","message":"03-12 17:25:34.024  1988  2026 I PackageManager: Un-granting permission android.permission.BIND_JOB_SERVICE from package com.google.android.music (protectionLevel=2 flags=0x38cbbe65)"}
{"timestamp":1584030335664,"level":"ALL","message":"03-12 17:25:34.024  1988  2026 I PackageManager: Un-granting permission android.permission.CONNECTIVITY_USE_RESTRICTED_NETWORKS from package com.google.android.captiveportallogin (protectionLevel=18 flags=0x38c8be45)"}
{"timestamp":1584030335664,"level":"ALL","message":"03-12 17:25:34.024  1988  2026 I PackageManager: Un-granting permission android.permission.NETWORK_BYPASS_PRIVATE_DNS from package com.google.android.captiveportallogin (protectionLevel=2 flags=0x38c8be45)"}
{"timestamp":1584030335664,"level":"ALL","message":"03-12 17:25:34.024  1988  2026 I PackageManager: Un-granting permission android.permission.REQUEST_INSTALL_PACKAGES from package com.google.android.apps.docs (protectionLevel=66 flags=0x38cbbe45)"}
{"timestamp":1584030335664,"level":"ALL","message":"03-12 17:25:34.025  1988  2026 I PackageManager: Un-granting permission android.permission.INTERACT_ACROSS_USERS from package com.google.android.syncadapters.contacts (protectionLevel=50 flags=0x20883e45)"}
{"timestamp":1584030335664,"level":"ALL","message":"03-12 17:25:34.025  1988  2026 I PackageManager: Un-granting permission android.permission.REQUEST_INSTALL_PACKAGES from package com.android.chrome (protectionLevel=66 flags=0xa0cbbe45)"}
{"timestamp":1584030335664,"level":"ALL","message":"03-12 17:25:34.026  1988  2026 I PackageManager: Un-granting permission com.google.android.apps.now.CURRENT_ACCOUNT_ACCESS from package com.android.chrome (protectionLevel=2 flags=0xa0cbbe45)"}
{"timestamp":1584030335664,"level":"ALL","message":"03-12 17:25:34.026  1988  2026 I PackageManager: Un-granting permission android.permission.CAPTURE_VIDEO_OUTPUT from package com.google.android.gms (protectionLevel=2 flags=0xb0cabe45)"}
{"timestamp":1584030335664,"level":"ALL","message":"03-12 17:25:34.026  1988  2026 I PackageManager: Un-granting permission android.permission.MANAGE_DEVICE_ADMINS from package com.google.android.gms (protectionLevel=2 flags=0xb0cabe45)"}
{"timestamp":1584030335664,"level":"ALL","message":"03-12 17:25:34.027  1988  2026 I PackageManager: Un-granting permission android.permission.MANAGE_ACTIVITY_STACKS from package com.google.android.gms (protectionLevel=2 flags=0xb0cabe45)"}
{"timestamp":1584030335664,"level":"ALL","message":"03-12 17:25:34.027  1988  2026 I PackageManager: Un-granting permission android.permission.CAPTURE_SECURE_VIDEO_OUTPUT from package com.google.android.gms (protectionLevel=2 flags=0xb0cabe45)"}
{"timestamp":1584030335665,"level":"ALL","message":"03-12 17:25:34.028  1988  2026 I PackageManager: Un-granting permission com.google.android.googleapps.permission.GOOGLE_AUTH from package com.google.android.videos (protectionLevel=2 flags=0x30dbbe45)"}
{"timestamp":1584030335665,"level":"ALL","message":"03-12 17:25:34.028  1988  2026 I PackageManager: Un-granting permission android.permission.WRITE_MEDIA_STORAGE from package com.google.android.apps.photos (protectionLevel=18 flags=0x38d9be45)"}
{"timestamp":1584030335717,"level":"ALL","message":"03-12 17:25:34.084  1988  2026 D PackageManager: Instant App installer not found with android.intent.action.INSTALL_INSTANT_APP_PACKAGE"}
{"timestamp":1584030335717,"level":"ALL","message":"03-12 17:25:34.084  1988  2026 D PackageManager: Clear ephemeral installer activity"}
{"timestamp":1584030335727,"level":"ALL","message":"03-12 17:25:34.093  1988  2026 V BackupManagerService: restoreAtInstall pkg=org.nativescript.SampleApp token=30 restoreSet=0"}
{"timestamp":1584030335727,"level":"ALL","message":"03-12 17:25:34.094  1988  2026 V BackupManagerService: Finishing install immediately"}
{"timestamp":1584030335731,"level":"ALL","message":"03-12 17:25:34.095  1639 26407 D vold    : Remounting 10322 as mode default"}
{"timestamp":1584030335733,"level":"ALL","message":"03-12 17:25:34.099  1732  1732 I netd    : trafficSetNetPermForUids(4, [10322]) <0.04ms>"}
{"timestamp":1584030335739,"level":"ALL","message":"03-12 17:25:34.101  1639 26407 D vold    : Remounting 10322 as mode default"}
{"timestamp":1584030335739,"level":"ALL","message":"03-12 17:25:34.103  1639  1639 D vold    : Remounting 10322 as mode default"}
{"timestamp":1584030335740,"level":"ALL","message":"03-12 17:25:34.106  1639  1648 D vold    : Remounting 10322 as mode default"}
{"timestamp":1584030335744,"level":"ALL","message":"03-12 17:25:34.108  1639 26407 D vold    : Remounting 10322 as mode default"}
{"timestamp":1584030335745,"level":"ALL","message":"03-12 17:25:34.110  1795  1795 E         : Couldn't opendir /data/app/vmdl796325049.tmp: No such file or directory"}
{"timestamp":1584030335745,"level":"ALL","message":"03-12 17:25:34.110  1795  1795 E installd: Failed to delete /data/app/vmdl796325049.tmp: No such file or directory"}
{"timestamp":1584030335771,"level":"ALL","message":"03-12 17:25:34.130  1988  1988 I RoleManagerService: Granting default permissions..."}
{"timestamp":1584030335807,"level":"ALL","message":"03-12 17:25:34.148  1782  1782 E adbd    : failed to connect to socket 'tcp:6790': Connection refused"}
{"timestamp":1584030335855,"level":"ALL","message":"03-12 17:25:34.215  1988  2076 I InputReader: Reconfiguring input devices.  changes=0x00000010"}
{"timestamp":1584030335877,"level":"ALL","message":"03-12 17:25:34.240  1988  2959 W BroadcastQueue: Background execution not allowed: receiving Intent { act=android.intent.action.PACKAGE_ADDED dat=package:org.nativescript.SampleApp flg=0x4000010 (has extras) } to com.google.android.packageinstaller/com.android.packageinstaller.PackageInstalledReceiver"}
{"timestamp":1584030335877,"level":"ALL","message":"03-12 17:25:34.240  1988  2014 W BroadcastQueue: Background execution not allowed: receiving Intent { act=android.intent.action.PACKAGE_ADDED dat=package:org.nativescript.SampleApp flg=0x4000010 (has extras) } to com.android.musicfx/.Compatibility$Receiver"}
{"timestamp":1584030335877,"level":"ALL","message":"03-12 17:25:34.241  1988  2014 W BroadcastQueue: Background execution not allowed: receiving Intent { act=android.intent.action.PACKAGE_ADDED dat=package:org.nativescript.SampleApp flg=0x4000010 (has extras) } to com.google.android.gms/.games.chimera.GamesSystemBroadcastReceiverProxy"}
{"timestamp":1584030335877,"level":"ALL","message":"03-12 17:25:34.241  2364  3064 E ActivityThread: Failed to find provider info for com.google.android.apps.wellbeing.api"}
{"timestamp":1584030335877,"level":"ALL","message":"03-12 17:25:34.242  1988  2014 W BroadcastQueue: Background execution not allowed: receiving Intent { act=android.intent.action.PACKAGE_ADDED dat=package:org.nativescript.SampleApp flg=0x4000010 (has extras) } to com.google.android.gms/.gass.chimera.PackageChangeBroadcastReceiver"}
{"timestamp":1584030335877,"level":"ALL","message":"03-12 17:25:34.242  1988  2014 W BroadcastQueue: Background execution not allowed: receiving Intent { act=android.intent.action.PACKAGE_ADDED dat=package:org.nativescript.SampleApp flg=0x4000010 (has extras) } to com.google.android.gms/.chimera.GmsIntentOperationService$PersistentTrustedReceiver"}
{"timestamp":1584030335877,"level":"ALL","message":"03-12 17:25:34.242  1988  2014 W BroadcastQueue: Background execution not allowed: receiving Intent { act=android.intent.action.PACKAGE_ADDED dat=package:org.nativescript.SampleApp flg=0x4000010 (has extras) } to com.google.android.googlequicksearchbox/com.google.android.apps.gsa.googlequicksearchbox.GelStubAppWatcher"}
{"timestamp":1584030335877,"level":"ALL","message":"03-12 17:25:34.243  1988  2014 W BroadcastQueue: Background execution not allowed: receiving Intent { act=android.intent.action.PACKAGE_ADDED dat=package:org.nativescript.SampleApp flg=0x4000010 (has extras) } to com.google.android.ims/.receivers.RcsAutoStartReceiver"}
{"timestamp":1584030335907,"level":"ALL","message":"03-12 17:25:34.273  1988  1988 W Looper  : Slow dispatch took 144ms main h=android.app.ActivityThread$H c=android.app.-$$Lambda$LoadedApk$ReceiverDispatcher$Args$_BumDX2UKsnxLVrE6UJsJZkotuA@9b31824 m=0"}
{"timestamp":1584030335941,"level":"ALL","message":"03-12 17:25:34.304 12719 12864 I ProvidersCache: Provider returned no roots. Possibly naughty: com.google.android.apps.docs.storage"}
{"timestamp":1584030335952,"level":"ALL","message":"03-12 17:25:34.319  1988  2959 I ActivityManager: Force stopping io.appium.uiautomator2.server.test appid=10320 user=0: from pid 13439"}
{"timestamp":1584030335967,"level":"ALL","message":"03-12 17:25:34.326  1988  1988 W Looper  : Slow delivery took 201ms main h=android.os.Handler c=android.app.-$$Lambda$LoadedApk$ReceiverDispatcher$Args$_BumDX2UKsnxLVrE6UJsJZkotuA@88befcb m=0"}
{"timestamp":1584030335996,"level":"ALL","message":"03-12 17:25:34.361  1759  2220 E GnssHAL_GnssInterface: gnssSvStatusCb: a: input svInfo.flags is 8"}
{"timestamp":1584030335996,"level":"ALL","message":"03-12 17:25:34.361  1759  2220 E GnssHAL_GnssInterface: gnssSvStatusCb: b: input svInfo.flags is 8"}
{"timestamp":1584030336035,"level":"ALL","message":"03-12 17:25:34.394  1988  1988 I Telecom : DefaultDialerCache: Refreshing default dialer for user 0: now com.android.dialer: DDC.oR@AeY"}
{"timestamp":1584030336039,"level":"ALL","message":"03-12 17:25:34.404  2645 13448 I Auth    : [SupervisedAccountIntentOperation] onHandleIntent(): android.intent.action.PACKAGE_ADDED"}
{"timestamp":1584030336041,"level":"ALL","message":"03-12 17:25:34.407  2645 13447 I ChromeSync: [Sync,SyncIntentOperation] Handling the intent: Intent { act=android.intent.action.PACKAGE_ADDED dat=package:org.nativescript.SampleApp flg=0x4000010 cmp=com.google.android.gms/.chimera.GmsIntentOperationService (has extras) }."}
{"timestamp":1584030336051,"level":"ALL","message":"03-12 17:25:34.411  2490 13444 W GCM     : Unexpected forwarded intent: Intent { act=android.intent.action.PACKAGE_ADDED dat=package:org.nativescript.SampleApp flg=0x4000010 cmp=com.google.android.gms/.chimera.PersistentIntentOperationService (has extras) }"}
{"timestamp":1584030336063,"level":"ALL","message":"03-12 17:25:34.416  2490 13444 W GCM     : Unexpected forwarded intent: Intent { act=android.intent.action.PACKAGE_ADDED dat=package:org.nativescript.SampleApp flg=0x4000010 cmp=com.google.android.gms/.chimera.PersistentIntentOperationService (has extras) }"}
{"timestamp":1584030336063,"level":"ALL","message":"03-12 17:25:34.427  2645  2656 I gle.android.gm: Background young concurrent copying GC freed 21594(1312KB) AllocSpace objects, 4(208KB) LOS objects, 11% free, 11MB/12MB, paused 6.732ms total 154.340ms"}
{"timestamp":1584030336063,"level":"ALL","message":"03-12 17:25:34.429  2645 13280 W ClearcutTransmitter: Dropped event; high load or sample rate"}
{"timestamp":1584030336068,"level":"ALL","message":"03-12 17:25:34.429  2645 12785 W ClearcutTransmitter: Dropped event; high load or sample rate"}
{"timestamp":1584030336073,"level":"ALL","message":"03-12 17:25:34.439  2645 13451 I FontsPackageChangeOp: Package org.nativescript.SampleApp has no metadata"}
{"timestamp":1584030336117,"level":"ALL","message":"03-12 17:25:34.479  1988  1988 V BackupManagerConstants: getFullBackupIntervalMilliseconds(...) returns 86400000"}
{"timestamp":1584030336132,"level":"ALL","message":"03-12 17:25:34.494  1988  1988 V BackupManagerConstants: getFullBackupRequiredNetworkType(...) returns 2"}
{"timestamp":1584030336134,"level":"ALL","message":"03-12 17:25:34.494  1988  1988 V BackupManagerConstants: getFullBackupRequireCharging(...) returns true"}
{"timestamp":1584030336177,"level":"ALL","message":"03-12 17:25:34.545  2236  2236 D CarrierSvcBindHelper: No carrier app for: 0"}
{"timestamp":1584030336214,"level":"ALL","message":"03-12 17:25:34.579  2236  2236 D CarrierSvcBindHelper: No carrier app for: 0"}
{"timestamp":1584030336214,"level":"ALL","message":"03-12 17:25:34.582  2236  2236 D CarrierConfigLoader: mHandler: 9 phoneId: 0"}
{"timestamp":1584030336259,"level":"ALL","message":"03-12 17:25:34.625  2645 12785 W ClearcutTransmitter: Dropped event; high load or sample rate"}
{"timestamp":1584030336266,"level":"ALL","message":"03-12 17:25:34.625  2645 12785 I chatty  : uid=10101(com.google.android.gms) lowpool[210] identical 2 lines"}
{"timestamp":1584030336268,"level":"ALL","message":"03-12 17:25:34.625  2645 12785 W ClearcutTransmitter: Dropped event; high load or sample rate"}
{"timestamp":1584030336268,"level":"ALL","message":"03-12 17:25:34.627  2645 13280 W ClearcutTransmitter: Dropped event; high load or sample rate"}
{"timestamp":1584030336282,"level":"ALL","message":"03-12 17:25:34.639  2645 12785 W ClearcutTransmitter: Dropped event; high load or sample rate"}
{"timestamp":1584030336312,"level":"ALL","message":"03-12 17:25:34.674  2645 13280 W ClearcutTransmitter: Dropped event; high load or sample rate"}
{"timestamp":1584030336320,"level":"ALL","message":"03-12 17:25:34.679  2645 13280 I chatty  : uid=10101(com.google.android.gms) lowpool[213] identical 3 lines"}
{"timestamp":1584030336320,"level":"ALL","message":"03-12 17:25:34.679  2645 13280 W ClearcutTransmitter: Dropped event; high load or sample rate"}
{"timestamp":1584030336320,"level":"ALL","message":"03-12 17:25:34.681  2645 12785 W ClearcutTransmitter: Dropped event; high load or sample rate"}
{"timestamp":1584030336336,"level":"ALL","message":"03-12 17:25:34.682  2645 12785 I chatty  : uid=10101(com.google.android.gms) lowpool[210] identical 5 lines"}
{"timestamp":1584030336336,"level":"ALL","message":"03-12 17:25:34.683  2645 12785 W ClearcutTransmitter: Dropped event; high load or sample rate"}
{"timestamp":1584030336336,"level":"ALL","message":"03-12 17:25:34.691  2645 13280 W ClearcutTransmitter: Dropped event; high load or sample rate"}
{"timestamp":1584030336336,"level":"ALL","message":"03-12 17:25:34.691  2645 12785 W ClearcutTransmitter: Dropped event; high load or sample rate"}
{"timestamp":1584030336336,"level":"ALL","message":"03-12 17:25:34.693  2645 13280 W ClearcutTransmitter: Dropped event; high load or sample rate"}
{"timestamp":1584030336350,"level":"ALL","message":"03-12 17:25:34.696  2645 13280 I chatty  : uid=10101(com.google.android.gms) lowpool[213] identical 16 lines"}
{"timestamp":1584030336350,"level":"ALL","message":"03-12 17:25:34.696  2645 13280 W ClearcutTransmitter: Dropped event; high load or sample rate"}
{"timestamp":1584030336350,"level":"ALL","message":"03-12 17:25:34.698  2645 12785 W ClearcutTransmitter: Dropped event; high load or sample rate"}
{"timestamp":1584030336402,"level":"ALL","message":"03-12 17:25:34.753  2645 12785 I chatty  : uid=10101(com.google.android.gms) lowpool[210] identical 26 lines"}
{"timestamp":1584030336409,"level":"ALL","message":"03-12 17:25:34.753  2645 12785 W ClearcutTransmitter: Dropped event; high load or sample rate"}
{"timestamp":1584030336409,"level":"ALL","message":"03-12 17:25:34.765  1732  1732 I netd    : firewallSetUidRule(2, 10322, 2) <0.02ms>"}
{"timestamp":1584030336423,"level":"ALL","message":"03-12 17:25:34.789  2645 13280 W ClearcutTransmitter: Dropped event; high load or sample rate"}
{"timestamp":1584030336435,"level":"ALL","message":"03-12 17:25:34.800  2645 12785 W ClearcutTransmitter: Dropped event; high load or sample rate"}
{"timestamp":1584030336455,"level":"ALL","message":"03-12 17:25:34.820  2645 12785 I chatty  : uid=10101(com.google.android.gms) lowpool[210] identical 16 lines"}
{"timestamp":1584030336455,"level":"ALL","message":"03-12 17:25:34.820  2645 12785 W ClearcutTransmitter: Dropped event; high load or sample rate"}
{"timestamp":1584030336455,"level":"ALL","message":"03-12 17:25:34.821  2645 13280 W ClearcutTransmitter: Dropped event; high load or sample rate"}
{"timestamp":1584030336492,"level":"ALL","message":"03-12 17:25:34.854  1988  1988 W Looper  : Slow dispatch took 460ms main h=android.app.ActivityThread$H c=android.app.-$$Lambda$LoadedApk$ReceiverDispatcher$Args$_BumDX2UKsnxLVrE6UJsJZkotuA@1b5c495 m=0"}
{"timestamp":1584030336492,"level":"ALL","message":"03-12 17:25:34.854  1988  2762 W system_server: Long monitor contention with owner main (1988) at void com.android.server.backup.UserBackupManagerService.scheduleNextFullBackupJob(long)(UserBackupManagerService.java:1948) waiters=0 in void com.android.server.backup.UserBackupManagerService$1.run() for 361ms"}
{"timestamp":1584030336493,"level":"ALL","message":"03-12 17:25:34.858  1988  2084 W system_server: Long monitor contention with owner NetworkPolicy (2083) at void com.android.server.net.NetworkPolicyManagerService$6.onReceive(android.content.Context, android.content.Intent)(NetworkPolicyManagerService.java:955) waiters=0 in void com.android.server.net.NetworkPolicyManagerService.handleUidChanged(int, int, long) for 549ms"}
{"timestamp":1584030336527,"level":"ALL","message":"03-12 17:25:34.891  1988  1988 W Looper  : Drained"}
{"timestamp":1584030336588,"level":"ALL","message":"03-12 17:25:34.954 13456 13456 D AndroidRuntime: >>>>>> START com.android.internal.os.RuntimeInit uid 2000 <<<<<<"}
{"timestamp":1584030336607,"level":"ALL","message":"03-12 17:25:34.960 13456 13456 E libc    : Access denied finding property \"persist.device_config.runtime_native_boot.enable_apex_image\""}
{"timestamp":1584030336607,"level":"ALL","message":"03-12 17:25:34.960 13456 13456 I AndroidRuntime: Using default boot image"}
{"timestamp":1584030336607,"level":"ALL","message":"03-12 17:25:34.960 13456 13456 E libc    : Access denied finding property \"persist.device_config.runtime_native_boot.disable_lock_profiling\""}
{"timestamp":1584030336607,"level":"ALL","message":"03-12 17:25:34.961 13456 13456 I AndroidRuntime: Leaving lock profiling enabled"}
{"timestamp":1584030336610,"level":"ALL","message":"03-12 17:25:34.961 13456 13456 E libc    : Access denied finding property \"persist.device_config.runtime_native_boot.enable_generational_cc\""}
{"timestamp":1584030336610,"level":"ALL","message":"03-12 17:25:34.964 13456 13456 I app_process: Core platform API reporting enabled, enforcing=false"}
{"timestamp":1584030336759,"level":"ALL","message":"03-12 17:25:35.125  1988  1999 I system_server: Background concurrent copying GC freed 71029(4133KB) AllocSpace objects, 28(1616KB) LOS objects, 18% free, 26MB/32MB, paused 469us total 1.015s"}
{"timestamp":1584030336793,"level":"ALL","message":"03-12 17:25:34.948 13456 13456 W app_process: type=1400 audit(0.0:580): avc: denied { read } for name=\"u:object_r:device_config_runtime_native_boot_prop:s0\" dev=\"tmpfs\" ino=6684 scontext=u:r:shell:s0 tcontext=u:object_r:device_config_runtime_native_boot_prop:s0 tclass=file permissive=0"}
{"timestamp":1584030336793,"level":"ALL","message":"03-12 17:25:34.958 13456 13456 W app_process: type=1400 audit(0.0:581): avc: denied { read } for name=\"u:object_r:device_config_runtime_native_boot_prop:s0\" dev=\"tmpfs\" ino=6684 scontext=u:r:shell:s0 tcontext=u:object_r:device_config_runtime_native_boot_prop:s0 tclass=file permissive=0"}
{"timestamp":1584030336797,"level":"ALL","message":"03-12 17:25:35.162  2645  2656 I gle.android.gm: Background concurrent copying GC freed 29357(1677KB) AllocSpace objects, 5(164KB) LOS objects, 35% free, 10MB/16MB, paused 522us total 166.978ms"}
{"timestamp":1584030336817,"level":"ALL","message":"03-12 17:25:35.184 12704 13467 W System  : ClassLoader referenced unknown path:"}
{"timestamp":1584030336830,"level":"ALL","message":"03-12 17:25:35.193  2645  3277 I Icing   : IndexChimeraService.getServiceInterface callingPackage=com.google.android.gms componentName=AppsCorpus serviceId=36"}
{"timestamp":1584030336844,"level":"ALL","message":"03-12 17:25:35.211 13456 13456 D ICU     : Time zone APEX file found: /apex/com.android.tzdata/etc/icu/icu_tzdata.dat"}
{"timestamp":1584030336859,"level":"ALL","message":"03-12 17:25:35.225 13456 13456 W app_process: Unexpected CPU variant for X86 using defaults: x86"}
{"timestamp":1584030336863,"level":"ALL","message":"03-12 17:25:35.226 13456 13456 I app_process: The ClassLoaderContext is a special shared library."}
{"timestamp":1584030336893,"level":"ALL","message":"03-12 17:25:35.258 13456 13456 W app_process: JNI RegisterNativeMethods: attempt to register 0 native methods for android.media.AudioAttributes"}
{"timestamp":1584030336897,"level":"ALL","message":"03-12 17:25:35.264 13456 13456 D AndroidRuntime: Calling main entry com.android.commands.am.Am"}
{"timestamp":1584030336898,"level":"ALL","message":"03-12 17:25:35.265  2645 13465 W Icing   : No valid account for uploading user actions: addq: Not signed in"}
{"timestamp":1584030336904,"level":"ALL","message":"03-12 17:25:35.272  1988  2827 I ActivityManager: Force stopping io.appium.uiautomator2.server appid=10319 user=0: start instr"}
{"timestamp":1584030336918,"level":"ALL","message":"03-12 17:25:35.284  1733  1733 D Zygote  : Forked child process 13477"}
{"timestamp":1584030336926,"level":"ALL","message":"03-12 17:25:35.287  1988  2015 I ActivityManager: Start proc 13477:io.appium.uiautomator2.server/u0a319 for added application io.appium.uiautomator2.server"}
{"timestamp":1584030336926,"level":"ALL","message":"03-12 17:25:35.288 13477 13477 I tomator2.serve: Not late-enabling -Xcheck:jni (already on)"}
{"timestamp":1584030336948,"level":"ALL","message":"03-12 17:25:35.312 13477 13477 E tomator2.serve: Unknown bits set in runtime_flags: 0x8000"}
{"timestamp":1584030336948,"level":"ALL","message":"03-12 17:25:35.313 13477 13477 W tomator2.serve: Unexpected CPU variant for X86 using defaults: x86"}
{"timestamp":1584030336954,"level":"ALL","message":"03-12 17:25:35.320  2645 13465 I Icing   : Usage reports ok 0, Failed Usage reports 0, indexed 0, rejected 0"}
{"timestamp":1584030336967,"level":"ALL","message":"03-12 17:25:35.330  2645 13465 I Icing   : Indexing com.google.android.gms-internal.3p:MobileApplication from com.google.android.gms using seqno 189"}
{"timestamp":1584030336988,"level":"ALL","message":"03-12 17:25:35.351  2645 13465 I Icing   : Indexing done. Processed 1 requests in 21 ms"}
{"timestamp":1584030336997,"level":"ALL","message":"03-12 17:25:35.361  1759  2220 E GnssHAL_GnssInterface: gnssSvStatusCb: a: input svInfo.flags is 8"}
{"timestamp":1584030336997,"level":"ALL","message":"03-12 17:25:35.362  1759  2220 E GnssHAL_GnssInterface: gnssSvStatusCb: b: input svInfo.flags is 8"}
{"timestamp":1584030337024,"level":"ALL","message":"03-12 17:25:35.386  2645  3277 I Icing   : IndexChimeraService.getServiceInterface callingPackage=com.google.android.gms componentName=null serviceId=36"}
{"timestamp":1584030337042,"level":"ALL","message":"03-12 17:25:35.404 13477 13477 I tomator2.serve: The ClassLoaderContext is a special shared library."}
{"timestamp":1584030337042,"level":"ALL","message":"03-12 17:25:35.406 13477 13477 I tomator2.serve: The ClassLoaderContext is a special shared library."}
{"timestamp":1584030337042,"level":"ALL","message":"03-12 17:25:35.407  1782  1782 E adbd    : failed to connect to socket 'tcp:6790': Connection refused"}
{"timestamp":1584030337058,"level":"ALL","message":"03-12 17:25:35.424  2645 13280 W Icing   : No valid account for uploading user actions: addq: Not signed in"}
{"timestamp":1584030337101,"level":"ALL","message":"03-12 17:25:35.460  2645 13280 I Icing   : Usage reports ok 0, Failed Usage reports 0, indexed 0, rejected 0"}
{"timestamp":1584030337243,"level":"ALL","message":"03-12 17:25:35.609 13477 13477 I tomator2.serve: The ClassLoaderContext is a special shared library."}
{"timestamp":1584030337288,"level":"ALL","message":"03-12 17:25:35.612 13477 13477 I tomator2.serve: The ClassLoaderContext is a special shared library."}
{"timestamp":1584030337288,"level":"ALL","message":"03-12 17:25:35.653 12704 13467 V LocationAccessCheck: Location access check notification shown with sessionId=-390006407765120959 uid=10318 pkgName=io.appium.settings"}
{"timestamp":1584030337436,"level":"ALL","message":"03-12 17:25:35.803  1820  3342 D NuPlayerDriver: NuPlayerDriver(0xe6634200) created, clientPid(2122)"}
{"timestamp":1584030337439,"level":"ALL","message":"03-12 17:25:35.804  1820  3342 I Codec2Client: Creating a Codec2 client to service \"software\""}
{"timestamp":1584030337439,"level":"ALL","message":"03-12 17:25:35.805  1820  3342 I Codec2Client: Client to Codec2 service \"software\" created"}
{"timestamp":1584030337453,"level":"ALL","message":"03-12 17:25:35.820  1820 13501 D GenericSource: FileSource remote"}
{"timestamp":1584030337458,"level":"ALL","message":"03-12 17:25:35.823 13477 13477 W tomator2.serve: Accessing hidden method Landroid/app/Instrumentation;->execStartActivity(Landroid/content/Context;Landroid/os/IBinder;Landroid/os/IBinder;Landroid/app/Activity;Landroid/content/Intent;ILandroid/os/Bundle;)Landroid/app/Instrumentation$ActivityResult; (greylist, linking, allowed)"}
{"timestamp":1584030337458,"level":"ALL","message":"03-12 17:25:35.824 13477 13477 W tomator2.serve: Accessing hidden method Landroid/app/Instrumentation;->execStartActivity(Landroid/content/Context;Landroid/os/IBinder;Landroid/os/IBinder;Ljava/lang/String;Landroid/content/Intent;ILandroid/os/Bundle;)Landroid/app/Instrumentation$ActivityResult; (greylist, linking, allowed)"}
{"timestamp":1584030337468,"level":"ALL","message":"03-12 17:25:35.835  1988  2960 I MediaFocusControl: requestAudioFocus() from uid/pid 10108/2122 clientId=android.media.AudioManager@6833c9d callingPack=com.android.systemui req=3 flags=0x0 sdk=29"}
{"timestamp":1584030337486,"level":"ALL","message":"03-12 17:25:35.851 13477 13477 I MonitoringInstr: Instrumentation started!"}
{"timestamp":1584030337492,"level":"ALL","message":"03-12 17:25:35.855 13477 13477 I MonitoringInstr: Setting context classloader to 'dalvik.system.PathClassLoader[DexPathList[[zip file \"/system/framework/android.test.runner.jar\", zip file \"/system/framework/android.test.mock.jar\", zip file \"/data/app/io.appium.uiautomator2.server.test-AgwDuEKmb9TfDh5wvVnWyw==/base.apk\", zip file \"/data/app/io.appium.uiautomator2.server-qFx2auduPd-wiHYKYhroFg==/base.apk\"],nativeLibraryDirectories=[/data/app/io.appium.uiautomator2.server.test-AgwDuEKmb9TfDh5wvVnWyw==/lib/x86, /data/app/io.appium.uiautomator2.server-qFx2auduPd-wiHYKYhroFg==/lib/x86, /system/lib, /system/product/lib]]]', Original: 'dalvik.system.PathClassLoader[DexPathList[[zip file \"/system/framework/android.test.runner.jar\", zip file \"/system/framework/android.test.mock.jar\", zip file \"/data/app/io.appium.uiautomator2.server.test-AgwDuEKmb9TfDh5wvVnWyw==/base.apk\", zip file \"/data/app/io.appium.uiautomator2.server-qFx2auduPd-wiHYKYhroFg==/base.apk\"],nativeLibraryDirectories=[/data/app/io.appium.uiautomator2.server.test-AgwDuEKmb9TfDh5wvVnWyw==/lib/x86, /data/app/io.appium.uiautomator2.server-qFx2auduPd-wiHYKYhroFg==/lib/x86, /system/lib, /system/product/lib]]]'"}
{"timestamp":1584030337500,"level":"ALL","message":"03-12 17:25:35.861 13477 13477 I MonitoringInstr: No JSBridge."}
{"timestamp":1584030337500,"level":"ALL","message":"03-12 17:25:35.862 13477 13506 I MonitoringInstr: Setting context classloader to 'dalvik.system.PathClassLoader[DexPathList[[zip file \"/system/framework/android.test.runner.jar\", zip file \"/system/framework/android.test.mock.jar\", zip file \"/data/app/io.appium.uiautomator2.server.test-AgwDuEKmb9TfDh5wvVnWyw==/base.apk\", zip file \"/data/app/io.appium.uiautomator2.server-qFx2auduPd-wiHYKYhroFg==/base.apk\"],nativeLibraryDirectories=[/data/app/io.appium.uiautomator2.server.test-AgwDuEKmb9TfDh5wvVnWyw==/lib/x86, /data/app/io.appium.uiautomator2.server-qFx2auduPd-wiHYKYhroFg==/lib/x86, /system/lib, /system/product/lib]]]', Original: 'dalvik.system.PathClassLoader[DexPathList[[zip file \"/system/framework/android.test.runner.jar\", zip file \"/system/framework/android.test.mock.jar\", zip file \"/data/app/io.appium.uiautomator2.server.test-AgwDuEKmb9TfDh5wvVnWyw==/base.apk\", zip file \"/data/app/io.appium.uiautomator2.server-qFx2auduPd-wiHYKYhroFg==/base.apk\"],nativeLibraryDirectories=[/data/app/io.appium.uiautomator2.server.test-AgwDuEKmb9TfDh5wvVnWyw==/lib/x86, /data/app/io.appium.uiautomator2.server-qFx2auduPd-wiHYKYhroFg==/lib/x86, /system/lib, /system/product/lib]]]'"}
{"timestamp":1584030337525,"level":"ALL","message":"03-12 17:25:35.889  2122  2122 D StatusBar: disable<e i a s b h r c s > disable2<q i n >"}
{"timestamp":1584030337533,"level":"ALL","message":"03-12 17:25:35.896  2122  2122 W HeadsUpManagerPhone: onHeadsUpPinnedModeChanged"}
{"timestamp":1584030337541,"level":"ALL","message":"03-12 17:25:35.902 13477 13506 I UsageTrackerFacilitator: Usage tracking enabled"}
{"timestamp":1584030337545,"level":"ALL","message":"03-12 17:25:35.912 13477 13506 I TestRequestBuilder: Scanning classpath to find tests in paths [/data/app/io.appium.uiautomator2.server.test-AgwDuEKmb9TfDh5wvVnWyw==/base.apk]"}
{"timestamp":1584030337554,"level":"ALL","message":"03-12 17:25:35.915 13477 13506 W tomator2.serve: Opening an oat file without a class loader. Are you using the deprecated DexFile APIs?"}
{"timestamp":1584030337575,"level":"ALL","message":"03-12 17:25:35.940  2122  2122 W View    : requestLayout() improperly called by android.widget.TextView{2afc873 V.ED..... ......ID 92,10-477,53 #7f0a03bb app:id/text} during layout: running second layout pass"}
{"timestamp":1584030337618,"level":"ALL","message":"03-12 17:25:35.984  2122  2425 D EGL_emulation: eglMakeCurrent: 0xdfd6aec0: ver 3 1 (tinfo 0xbf397940)"}
{"timestamp":1584030337636,"level":"ALL","message":"03-12 17:25:35.992  1762  1949 D gralloc_ranchu: gralloc_alloc: Creating ashmem region of size 8298496"}
{"timestamp":1584030337701,"level":"ALL","message":"03-12 17:25:36.067 13477 13506 I tomator2.serve: WaitForGcToComplete blocked ClassLinker on None for 75.560ms"}
{"timestamp":1584030337935,"level":"ALL","message":"03-12 17:25:36.303  1988  2013 I RoleUserState: Wrote roles.xml successfully"}
{"timestamp":1584030337948,"level":"ALL","message":"03-12 17:25:36.312  2122  2425 D EGL_emulation: eglMakeCurrent: 0xdfd6aec0: ver 3 1 (tinfo 0xbf397940)"}
{"timestamp":1584030337985,"level":"ALL","message":"03-12 17:25:36.348  1820 13500 I GenericSource: start"}
{"timestamp":1584030338011,"level":"ALL","message":"03-12 17:25:36.370  1759  2220 E GnssHAL_GnssInterface: gnssSvStatusCb: a: input svInfo.flags is 8"}
{"timestamp":1584030338011,"level":"ALL","message":"03-12 17:25:36.371  1759  2220 E GnssHAL_GnssInterface: gnssSvStatusCb: b: input svInfo.flags is 8"}
{"timestamp":1584030338015,"level":"ALL","message":"03-12 17:25:36.382  1762  1949 D gralloc_ranchu: gralloc_alloc: Creating ashmem region of size 8298496"}
{"timestamp":1584030338034,"level":"ALL","message":"03-12 17:25:36.401  1820 13510 I OMXClient: IOmx service obtained"}
{"timestamp":1584030338038,"level":"ALL","message":"03-12 17:25:36.402  1830  2281 I OMXMaster: makeComponentInstance(OMX.google.vorbis.decoder) in android.hardwar process"}
{"timestamp":1584030338075,"level":"ALL","message":"03-12 17:25:36.409  1830  2281 E OMXNodeInstance: setConfig(0xf5218e40:google.vorbis.decoder, ConfigPriority(0x6f800002)) ERROR: Undefined(0x80001001)"}
{"timestamp":1584030338076,"level":"ALL","message":"03-12 17:25:36.409  1820 13510 I ACodec  : codec does not support config priority (err -2147483648)"}
{"timestamp":1584030338076,"level":"ALL","message":"03-12 17:25:36.410  1830  2281 E OMXNodeInstance: getConfig(0xf5218e40:google.vorbis.decoder, ConfigAndroidVendorExtension(0x6f100004)) ERROR: Undefined(0x80001001)"}
{"timestamp":1584030338076,"level":"ALL","message":"03-12 17:25:36.414  1820 13510 I MediaCodec: MediaCodec will operate in async mode"}
{"timestamp":1584030338076,"level":"ALL","message":"03-12 17:25:36.417  1782  1782 E adbd    : failed to connect to socket 'tcp:6790': Connection refused"}
{"timestamp":1584030338335,"level":"ALL","message":"03-12 17:25:36.701  1772  5812 D AudioFlinger: Client defaulted notificationFrames to 12064 for frameCount 24129"}
{"timestamp":1584030338338,"level":"ALL","message":"03-12 17:25:36.702  1772  5812 D AF::TrackHandle: OpPlayAudio: track:65 usage:5 not muted"}
{"timestamp":1584030338348,"level":"ALL","message":"03-12 17:25:36.710  1739  2737 W audio_hw_generic: Not supplying enough data to HAL, expected position 173410163 , only wrote 173410045"}
{"timestamp":1584030338352,"level":"ALL","message":"03-12 17:25:36.716  1762  1949 D gralloc_ranchu: gralloc_alloc: Creating ashmem region of size 8298496"}
{"timestamp":1584030338375,"level":"ALL","message":"03-12 17:25:36.734  1820 13508 D AudioTrack: getTimestamp_l(18): device stall time corrected using current time 164261164797720"}
{"timestamp":1584030338445,"level":"ALL","message":"03-12 17:25:36.811  2645 13280 I Icing   : Indexing com.google.android.gms-apps from com.google.android.gms"}
{"timestamp":1584030338603,"level":"ALL","message":"03-12 17:25:36.970 13477 13506 D TestExecutor: Adding listener androidx.test.internal.runner.listener.LogRunListener"}
{"timestamp":1584030338605,"level":"ALL","message":"03-12 17:25:36.971 13477 13506 D TestExecutor: Adding listener androidx.test.internal.runner.listener.InstrumentationResultPrinter"}
{"timestamp":1584030338605,"level":"ALL","message":"03-12 17:25:36.971 13477 13506 D TestExecutor: Adding listener androidx.test.internal.runner.listener.ActivityFinisherRunListener"}
{"timestamp":1584030338614,"level":"ALL","message":"03-12 17:25:36.978 13477 13506 I TestRunner: run started: 1 tests"}
{"timestamp":1584030338622,"level":"ALL","message":"03-12 17:25:36.986 13477 13506 I TestRunner: started: startServer(io.appium.uiautomator2.server.test.AppiumUiAutomator2Server)"}
{"timestamp":1584030338626,"level":"ALL","message":"03-12 17:25:36.992 13477 13477 I MonitoringInstr: Activities that are still in CREATED to STOPPED: 0"}
{"timestamp":1584030338633,"level":"ALL","message":"03-12 17:25:36.999 13477 13506 I appium  : [AppiumUiAutomator2Server] Starting Server"}
{"timestamp":1584030338639,"level":"ALL","message":"03-12 17:25:37.005  2122  2122 V MediaRouter: Selecting route: RouteInfo{ name=Phone, description=null, status=null, category=RouteCategory{ name=System types=ROUTE_TYPE_LIVE_AUDIO ROUTE_TYPE_LIVE_VIDEO  groupable=false }, supportedTypes=ROUTE_TYPE_LIVE_AUDIO ROUTE_TYPE_LIVE_VIDEO , presentationDisplay=null }"}
{"timestamp":1584030338763,"level":"ALL","message":"03-12 17:25:37.121  1772  1965 D AF::Track: interceptBuffer: took 1016us to intercept 0 tracks"}
{"timestamp":1584030338782,"level":"ALL","message":"03-12 17:25:37.147  2645 13280 I Icing   : Indexing done com.google.android.gms-apps"}
{"timestamp":1584030338950,"level":"ALL","message":"03-12 17:25:37.313  1772  1965 D AF::Track: interceptBuffer: took 766us to intercept 0 tracks"}
{"timestamp":1584030339005,"level":"ALL","message":"03-12 17:25:37.370  1759  2220 E GnssHAL_GnssInterface: gnssSvStatusCb: a: input svInfo.flags is 8"}
{"timestamp":1584030339005,"level":"ALL","message":"03-12 17:25:37.371  1759  2220 E GnssHAL_GnssInterface: gnssSvStatusCb: b: input svInfo.flags is 8"}
{"timestamp":1584030339061,"level":"ALL","message":"03-12 17:25:37.427  1782  1782 E adbd    : failed to connect to socket 'tcp:6790': Connection refused"}
{"timestamp":1584030339108,"level":"ALL","message":"03-12 17:25:37.475  1732  1732 I netd    : firewallSetUidRule(2, 10322, 1) <0.02ms>"}
{"timestamp":1584030339251,"level":"ALL","message":"03-12 17:25:37.618  3803  3950 I MicroDetectionWorker: #startMicroDetector [speakerMode: 0]"}
{"timestamp":1584030339251,"level":"ALL","message":"03-12 17:25:37.619  3803  3950 W ErrorReporter: reportError [type: 211, code: 393244, bug: 0]: errorCode: 393244, engine: 0"}
{"timestamp":1584030339253,"level":"ALL","message":"03-12 17:25:37.619  3803  3950 I MicroDetector: Keeping mic open: false"}
{"timestamp":1584030339253,"level":"ALL","message":"03-12 17:25:37.619  3803  3950 I MicroDetectionWorker: #onError(false)"}
{"timestamp":1584030339448,"level":"ALL","message":"03-12 17:25:37.815  1772  1965 D AF::Track: interceptBuffer: took 231us to intercept 0 tracks"}
{"timestamp":1584030339682,"level":"ALL","message":"03-12 17:25:38.047 13477 13506 I appium  : AndroidServer created on port 6790"}
{"timestamp":1584030339682,"level":"ALL","message":"03-12 17:25:38.048 13477 13506 I appium  : io.appium.uiautomator2.server started:"}
{"timestamp":1584030339734,"level":"ALL","message":"03-12 17:25:38.091  1988  1988 V SettingsProvider: Notifying for 0: content://settings/secure/accessibility_enabled"}
{"timestamp":1584030339786,"level":"ALL","message":"03-12 17:25:38.154  1820 13508 D AudioTrack: stop(18): called with 82980 frames delivered"}
{"timestamp":1584030339800,"level":"ALL","message":"03-12 17:25:38.164 13477 13514 I appium  : Started UiAutomator2 io.appium.uiautomator2.http io.appium.uiautomator2.server on port 6790"}
{"timestamp":1584030339874,"level":"ALL","message":"03-12 17:25:38.239 13477 13517 W tomator2.serve: Accessing hidden method Lsun/misc/Unsafe;->allocateMemory(J)J (greylist, linking, allowed)"}
{"timestamp":1584030339874,"level":"ALL","message":"03-12 17:25:38.239 13477 13517 W tomator2.serve: Accessing hidden method Lsun/misc/Unsafe;->freeMemory(J)V (greylist, linking, allowed)"}
{"timestamp":1584030339874,"level":"ALL","message":"03-12 17:25:38.240 13477 13517 W tomator2.serve: Accessing hidden method Lsun/misc/Unsafe;->addressSize()I (greylist, linking, allowed)"}
{"timestamp":1584030339874,"level":"ALL","message":"03-12 17:25:38.240 13477 13517 W tomator2.serve: Accessing hidden method Lsun/misc/Unsafe;->arrayBaseOffset(Ljava/lang/Class;)I (greylist,core-platform-api, linking, allowed)"}
{"timestamp":1584030339874,"level":"ALL","message":"03-12 17:25:38.240 13477 13517 W tomator2.serve: Accessing hidden method Lsun/misc/Unsafe;->copyMemory(JJJ)V (greylist, linking, allowed)"}
{"timestamp":1584030339874,"level":"ALL","message":"03-12 17:25:38.240 13477 13517 W tomator2.serve: Accessing hidden method Lsun/misc/Unsafe;->getByte(J)B (greylist,core-platform-api, linking, allowed)"}
{"timestamp":1584030339874,"level":"ALL","message":"03-12 17:25:38.240 13477 13517 W tomator2.serve: Accessing hidden method Lsun/misc/Unsafe;->getByte(Ljava/lang/Object;J)B (greylist,core-platform-api, linking, allowed)"}
{"timestamp":1584030339874,"level":"ALL","message":"03-12 17:25:38.240 13477 13517 W tomator2.serve: Accessing hidden method Lsun/misc/Unsafe;->getInt(J)I (greylist, linking, allowed)"}
{"timestamp":1584030339874,"level":"ALL","message":"03-12 17:25:38.241 13477 13517 W tomator2.serve: Accessing hidden method Lsun/misc/Unsafe;->getInt(Ljava/lang/Object;J)I (greylist, linking, allowed)"}
{"timestamp":1584030339874,"level":"ALL","message":"03-12 17:25:38.241 13477 13517 W tomator2.serve: Accessing hidden method Lsun/misc/Unsafe;->getLong(J)J (greylist,core-platform-api, linking, allowed)"}
{"timestamp":1584030339874,"level":"ALL","message":"03-12 17:25:38.241 13477 13517 W tomator2.serve: Accessing hidden method Lsun/misc/Unsafe;->getLong(Ljava/lang/Object;J)J (greylist,core-platform-api, linking, allowed)"}
{"timestamp":1584030339874,"level":"ALL","message":"03-12 17:25:38.241 13477 13517 W tomator2.serve: Accessing hidden method Lsun/misc/Unsafe;->getObject(Ljava/lang/Object;J)Ljava/lang/Object; (greylist, linking, allowed)"}
{"timestamp":1584030339874,"level":"ALL","message":"03-12 17:25:38.241 13477 13517 W tomator2.serve: Accessing hidden method Lsun/misc/Unsafe;->getObjectVolatile(Ljava/lang/Object;J)Ljava/lang/Object; (greylist, linking, allowed)"}
{"timestamp":1584030339874,"level":"ALL","message":"03-12 17:25:38.241 13477 13517 W tomator2.serve: Accessing hidden method Lsun/misc/Unsafe;->getShort(J)S (greylist, linking, allowed)"}
{"timestamp":1584030339874,"level":"ALL","message":"03-12 17:25:38.242 13477 13517 W tomator2.serve: Accessing hidden method Lsun/misc/Unsafe;->getShort(Ljava/lang/Object;J)S (greylist, linking, allowed)"}
{"timestamp":1584030339883,"level":"ALL","message":"03-12 17:25:38.244 13477 13517 W tomator2.serve: Accessing hidden method Lsun/misc/Unsafe;->objectFieldOffset(Ljava/lang/reflect/Field;)J (greylist,core-platform-api, linking, allowed)"}
{"timestamp":1584030339883,"level":"ALL","message":"03-12 17:25:38.244 13477 13517 W tomator2.serve: Accessing hidden method Lsun/misc/Unsafe;->putByte(JB)V (greylist,core-platform-api, linking, allowed)"}
{"timestamp":1584030339883,"level":"ALL","message":"03-12 17:25:38.244 13477 13517 W tomator2.serve: Accessing hidden method Lsun/misc/Unsafe;->putByte(Ljava/lang/Object;JB)V (greylist,core-platform-api, linking, allowed)"}
{"timestamp":1584030339883,"level":"ALL","message":"03-12 17:25:38.244 13477 13517 W tomator2.serve: Accessing hidden method Lsun/misc/Unsafe;->putInt(JI)V (greylist, linking, allowed)"}
{"timestamp":1584030339883,"level":"ALL","message":"03-12 17:25:38.244 13477 13517 W tomator2.serve: Accessing hidden method Lsun/misc/Unsafe;->putInt(Ljava/lang/Object;JI)V (greylist, linking, allowed)"}
{"timestamp":1584030339883,"level":"ALL","message":"03-12 17:25:38.244 13477 13517 W tomator2.serve: Accessing hidden method Lsun/misc/Unsafe;->putLong(JJ)V (greylist, linking, allowed)"}
{"timestamp":1584030339883,"level":"ALL","message":"03-12 17:25:38.244 13477 13517 W tomator2.serve: Accessing hidden method Lsun/misc/Unsafe;->putLong(Ljava/lang/Object;JJ)V (greylist, linking, allowed)"}
{"timestamp":1584030339883,"level":"ALL","message":"03-12 17:25:38.244 13477 13517 W tomator2.serve: Accessing hidden method Lsun/misc/Unsafe;->putOrderedObject(Ljava/lang/Object;JLjava/lang/Object;)V (greylist, linking, allowed)"}
{"timestamp":1584030339883,"level":"ALL","message":"03-12 17:25:38.245 13477 13517 W tomator2.serve: Accessing hidden method Lsun/misc/Unsafe;->putShort(JS)V (greylist, linking, allowed)"}
{"timestamp":1584030339883,"level":"ALL","message":"03-12 17:25:38.245 13477 13517 W tomator2.serve: Accessing hidden method Lsun/misc/Unsafe;->putShort(Ljava/lang/Object;JS)V (greylist, linking, allowed)"}
{"timestamp":1584030339883,"level":"ALL","message":"03-12 17:25:38.245 13477 13517 W tomator2.serve: Accessing hidden method Lsun/misc/Unsafe;->setMemory(JJB)V (greylist, linking, allowed)"}
{"timestamp":1584030339883,"level":"ALL","message":"03-12 17:25:38.245 13477 13517 W tomator2.serve: Accessing hidden field Ljava/nio/Buffer;->address:J (greylist, reflection, allowed)"}
{"timestamp":1584030339883,"level":"ALL","message":"03-12 17:25:38.246 13477 13517 W tomator2.serve: Accessing hidden field Lsun/misc/Unsafe;->theUnsafe:Lsun/misc/Unsafe; (greylist, reflection, allowed)"}
{"timestamp":1584030339883,"level":"ALL","message":"03-12 17:25:38.247 13477 13517 W tomator2.serve: Accessing hidden method Lsun/misc/VM;->maxDirectMemory()J (greylist, reflection, allowed)"}
{"timestamp":1584030339909,"level":"ALL","message":"03-12 17:25:38.276 13477 13517 W tomator2.serve: Accessing hidden field Lsun/nio/ch/SelectorImpl;->selectedKeys:Ljava/util/Set; (greylist, reflection, allowed)"}
{"timestamp":1584030339909,"level":"ALL","message":"03-12 17:25:38.276 13477 13517 W tomator2.serve: Accessing hidden field Lsun/nio/ch/SelectorImpl;->publicSelectedKeys:Ljava/util/Set; (greylist, reflection, allowed)"}
{"timestamp":1584030339974,"level":"ALL","message":"03-12 17:25:38.341  1772  1965 D AF::Track: interceptBuffer: took 335us to intercept 0 tracks"}
{"timestamp":1584030340007,"level":"ALL","message":"03-12 17:25:38.372  1759  2220 E GnssHAL_GnssInterface: gnssSvStatusCb: a: input svInfo.flags is 8"}
{"timestamp":1584030340007,"level":"ALL","message":"03-12 17:25:38.372  1759  2220 E GnssHAL_GnssInterface: gnssSvStatusCb: b: input svInfo.flags is 8"}
{"timestamp":1584030340018,"level":"ALL","message":"03-12 17:25:38.358 13477 13477 W Thread-3: type=1400 audit(0.0:583): avc: denied { read } for name=\"somaxconn\" dev=\"proc\" ino=1119816 scontext=u:r:untrusted_app_27:s0:c63,c257,c512,c768 tcontext=u:object_r:proc_net:s0 tclass=file permissive=0 app=io.appium.uiautomator2.server"}
{"timestamp":1584030340023,"level":"ALL","message":"03-12 17:25:38.389  1988  2960 W AppOps  : Noting op not finished: uid 10101 pkg com.google.android.gms code 41 time=1584030333382 duration=0"}
{"timestamp":1584030340024,"level":"ALL","message":"03-12 17:25:38.390  1772  1965 D AF::Track: interceptBuffer: took 264us to intercept 0 tracks"}
{"timestamp":1584030340144,"level":"ALL","message":"03-12 17:25:38.511  1772  1965 D AF::Track: interceptBuffer: took 690us to intercept 0 tracks"}
{"timestamp":1584030340166,"level":"ALL","message":"03-12 17:25:38.533 13477 13519 I appium  : channel read invoked!"}
{"timestamp":1584030340166,"level":"ALL","message":"03-12 17:25:38.533 13477 13519 I appium  : channel read: GET /wd/hub/status"}
{"timestamp":1584030340183,"level":"ALL","message":"03-12 17:25:38.550 13477 13519 I appium  : AppiumResponse: {\"sessionId\":\"None\",\"value\":{\"ready\":true,\"message\":\"UiAutomator2 Server is ready to accept commands\"}}"}
{"timestamp":1584030340201,"level":"ALL","message":"03-12 17:25:38.568 13477 13519 I appium  : channel read invoked!"}
{"timestamp":1584030340201,"level":"ALL","message":"03-12 17:25:38.569 13477 13519 I appium  : channel read: POST /wd/hub/session"}
{"timestamp":1584030340209,"level":"ALL","message":"03-12 17:25:38.577 13477 13519 W tomator2.serve: Accessing hidden field Landroid/app/UiAutomation;->mOnAccessibilityEventListener:Landroid/app/UiAutomation$OnAccessibilityEventListener; (greylist-max-o, reflection, allowed)"}
{"timestamp":1584030340211,"level":"ALL","message":"03-12 17:25:38.577 13477 13519 I appium  : Created the new session with SessionID: 0725734f-27d6-4a91-810e-53b47ead3375"}
{"timestamp":1584030340234,"level":"ALL","message":"03-12 17:25:38.580 13477 13519 I appium  : AppiumResponse: {\"sessionId\":\"0725734f-27d6-4a91-810e-53b47ead3375\",\"value\":{\"sessionId\":\"0725734f-27d6-4a91-810e-53b47ead3375\",\"capabilities\":{\"firstMatch\":[{\"platform\":\"LINUX\",\"webStorageEnabled\":false,\"takesScreenshot\":true,\"javascriptEnabled\":true,\"databaseEnabled\":false,\"networkConnectionEnabled\":true,\"loca..."}
{"timestamp":1584030340240,"level":"ALL","message":"03-12 17:25:38.607 13477 13519 I appium  : channel read invoked!"}
{"timestamp":1584030340240,"level":"ALL","message":"03-12 17:25:38.608 13477 13519 I appium  : channel read: GET /wd/hub/session/0725734f-27d6-4a91-810e-53b47ead3375/appium/device/info"}
{"timestamp":1584030340240,"level":"ALL","message":"03-12 17:25:38.608 13477 13519 I appium  : Get Device Info command"}
{"timestamp":1584030340253,"level":"ALL","message":"03-12 17:25:38.618  1988  2959 I MediaFocusControl: abandonAudioFocus() from uid/pid 10108/2122 clientId=android.media.AudioManager@6833c9d"}
{"timestamp":1584030340253,"level":"ALL","message":"03-12 17:25:38.619  2122 13498 V MediaPlayer: resetDrmState:  mDrmInfo=null mDrmProvisioningThread=null mPrepareDrmInProgress=false mActiveDrmScheme=false"}
{"timestamp":1584030340253,"level":"ALL","message":"03-12 17:25:38.619  2122 13498 V MediaPlayer: cleanDrmObj: mDrmObj=null mDrmSessionId=null"}
{"timestamp":1584030340253,"level":"ALL","message":"03-12 17:25:38.619  1820  1931 D NuPlayerDriver: reset(0xe6634200) at state 6"}
{"timestamp":1584030340264,"level":"ALL","message":"03-12 17:25:38.631  1820 13500 D NuPlayerDriver: notifyResetComplete(0xe6634200)"}
{"timestamp":1584030340264,"level":"ALL","message":"03-12 17:25:38.632  1820  1931 W AMessage: failed to post message as target looper for handler 0 is gone."}
{"timestamp":1584030340268,"level":"ALL","message":"03-12 17:25:38.635 13477 13519 W tomator2.serve: Accessing hidden field Landroid/net/NetworkCapabilities;->mSignalStrength:I (greylist-max-p, reflection, allowed)"}
{"timestamp":1584030340268,"level":"ALL","message":"03-12 17:25:38.635 13477 13519 W tomator2.serve: Accessing hidden field Landroid/net/NetworkCapabilities;->mNetworkSpecifier:Landroid/net/NetworkSpecifier; (greylist-max-o, reflection, allowed)"}
{"timestamp":1584030340269,"level":"ALL","message":"03-12 17:25:38.636 13477 13519 W tomator2.serve: Accessing hidden field Landroid/net/NetworkCapabilities;->mSSID:Ljava/lang/String; (greylist-max-o, reflection, allowed)"}
{"timestamp":1584030340281,"level":"ALL","message":"03-12 17:25:38.649 13477 13519 E BluetoothAdapter: Bluetooth binder is null"}
{"timestamp":1584030340283,"level":"ALL","message":"03-12 17:25:38.650 13477 13519 I appium  : AppiumResponse: {\"sessionId\":\"0725734f-27d6-4a91-810e-53b47ead3375\",\"value\":{\"androidId\":\"abae31198d5fa629\",\"manufacturer\":\"Google\",\"model\":\"Android SDK built for x86\",\"brand\":\"google\",\"apiVersion\":\"29\",\"platformVersion\":\"10\",\"carrierName\":\"Android\",\"realDisplaySize\":\"1080x1920\",\"displayDensity\":420,\"networks\":[..."}
{"timestamp":1584030340445,"level":"ALL","message":"03-12 17:25:38.811  1988  2960 I ActivityManager: Force stopping org.nativescript.SampleApp appid=10322 user=0: from pid 13526"}
{"timestamp":1584030340460,"level":"ALL","message":"03-12 17:25:38.828  2236  2236 D CarrierSvcBindHelper: No carrier app for: 0"}
{"timestamp":1584030340711,"level":"ALL","message":"03-12 17:25:39.076  1988  2960 I ActivityTaskManager: START u0 {act=android.intent.action.MAIN cat=[android.intent.category.LAUNCHER] flg=0x10200000 cmp=org.nativescript.SampleApp/com.tns.NativeScriptActivity} from uid 2000"}
{"timestamp":1584030340762,"level":"ALL","message":"03-12 17:25:39.129  1988  2827 W InputReader: Device has associated, but no associated display id."}
{"timestamp":1584030340780,"level":"ALL","message":"03-12 17:25:39.129  1988  2827 I chatty  : uid=1000(system) Binder:1988_C identical 8 lines"}
{"timestamp":1584030340780,"level":"ALL","message":"03-12 17:25:39.129  1988  2827 W InputReader: Device has associated, but no associated display id."}
{"timestamp":1584030340780,"level":"ALL","message":"03-12 17:25:39.146  1733  1733 D Zygote  : Forked child process 13529"}
{"timestamp":1584030340781,"level":"ALL","message":"03-12 17:25:39.148  1988  2009 E system_server: Invalid ID 0x00000000."}
{"timestamp":1584030340783,"level":"ALL","message":"03-12 17:25:39.149  1988  2015 I ActivityManager: Start proc 13529:org.nativescript.SampleApp/u0a322 for activity {org.nativescript.SampleApp/com.tns.NativeScriptActivity}"}
{"timestamp":1584030340795,"level":"ALL","message":"03-12 17:25:39.161 13529 13529 I cript.SampleAp: Not late-enabling -Xcheck:jni (already on)"}
{"timestamp":1584030340815,"level":"ALL","message":"03-12 17:25:39.182  1762  1949 D gralloc_ranchu: gralloc_alloc: Creating ashmem region of size 8298496"}
{"timestamp":1584030340956,"level":"ALL","message":"03-12 17:25:39.198 13529 13529 E cript.SampleAp: Unknown bits set in runtime_flags: 0x8000"}
{"timestamp":1584030340956,"level":"ALL","message":"03-12 17:25:39.199 13529 13529 W cript.SampleAp: Unexpected CPU variant for X86 using defaults: x86"}
{"timestamp":1584030340956,"level":"ALL","message":"03-12 17:25:39.293  1739  2737 W audio_hw_generic: Hardware backing HAL too slow, could only write 0 of 661 frames"}
{"timestamp":1584030340974,"level":"ALL","message":"03-12 17:25:39.336  2364  3064 E ActivityThread: Failed to find provider info for com.google.android.apps.wellbeing.api"}
{"timestamp":1584030340974,"level":"ALL","message":"03-12 17:25:39.338  1988  2959 W InputReader: Device has associated, but no associated display id."}
{"timestamp":1584030341006,"level":"ALL","message":"03-12 17:25:39.346  1988  2959 I chatty  : uid=1000(system) Binder:1988_E identical 28 lines"}
{"timestamp":1584030341006,"level":"ALL","message":"03-12 17:25:39.346  1988  2959 W InputReader: Device has associated, but no associated display id."}
{"timestamp":1584030341006,"level":"ALL","message":"03-12 17:25:39.371  1759  2220 E GnssHAL_GnssInterface: gnssSvStatusCb: a: input svInfo.flags is 8"}
{"timestamp":1584030341006,"level":"ALL","message":"03-12 17:25:39.371  1759  2220 E GnssHAL_GnssInterface: gnssSvStatusCb: b: input svInfo.flags is 8"}
{"timestamp":1584030341020,"level":"ALL","message":"03-12 17:25:39.385  1988  2009 W InputReader: Device has associated, but no associated display id."}
{"timestamp":1584030341039,"level":"ALL","message":"03-12 17:25:39.385  1988  2009 I chatty  : uid=1000(system) android.anim identical 8 lines"}
{"timestamp":1584030341040,"level":"ALL","message":"03-12 17:25:39.385  1988  2009 W InputReader: Device has associated, but no associated display id."}
{"timestamp":1584030341040,"level":"ALL","message":"03-12 17:25:39.402  1762  1949 D gralloc_ranchu: gralloc_alloc: Creating ashmem region of size 8298496"}
{"timestamp":1584030341366,"level":"ALL","message":"03-12 17:25:39.732  2364  2880 D EGL_emulation: eglMakeCurrent: 0xd7c1a900: ver 3 1 (tinfo 0xd7c0fac0)"}
{"timestamp":1584030341369,"level":"ALL","message":"03-12 17:25:39.736  3803  3885 D EGL_emulation: eglMakeCurrent: 0xd7c1b140: ver 3 1 (tinfo 0xd7c0f910)"}
{"timestamp":1584030341383,"level":"ALL","message":"03-12 17:25:39.749  2122  2425 D EGL_emulation: eglMakeCurrent: 0xdfd6aec0: ver 3 1 (tinfo 0xbf397940)"}
{"timestamp":1584030341460,"level":"ALL","message":"03-12 17:25:39.827 13529 13529 I TNS.Runtime: NativeScript Runtime Version 6.3.1, commit 4ecdc3c94d62526894322e456698970b82111f91"}
{"timestamp":1584030341830,"level":"ALL","message":"03-12 17:25:40.195 13529 13529 D TNS.Runtime: V8 version 7.8.279.19"}
{"timestamp":1584030342006,"level":"ALL","message":"03-12 17:25:40.371  1759  2220 E GnssHAL_GnssInterface: gnssSvStatusCb: a: input svInfo.flags is 8"}
{"timestamp":1584030342006,"level":"ALL","message":"03-12 17:25:40.371  1759  2220 E GnssHAL_GnssInterface: gnssSvStatusCb: b: input svInfo.flags is 8"}
{"timestamp":1584030343005,"level":"ALL","message":"03-12 17:25:41.371  1759  2220 E GnssHAL_GnssInterface: gnssSvStatusCb: a: input svInfo.flags is 8"}
{"timestamp":1584030343005,"level":"ALL","message":"03-12 17:25:41.371  1759  2220 E GnssHAL_GnssInterface: gnssSvStatusCb: b: input svInfo.flags is 8"}
{"timestamp":1584030343222,"level":"ALL","message":"03-12 17:25:41.589  2122  2122 W HeadsUpManagerPhone: onHeadsUpPinnedModeChanged"}
{"timestamp":1584030343235,"level":"ALL","message":"03-12 17:25:41.602  2122  2425 D EGL_emulation: eglMakeCurrent: 0xdfd6aec0: ver 3 1 (tinfo 0xbf397940)"}
{"timestamp":1584030343320,"level":"ALL","message":"03-12 17:25:41.687  1739  1739 W audio_hw_generic: Not supplying enough data to HAL, expected position 173847318 , only wrote 173629497"}
{"timestamp":1584030343701,"level":"ALL","message":"03-12 17:25:42.066  2122  2122 D StatusBar: disable<e i a s b h r c s > disable2<q i n >"}
{"timestamp":1584030343726,"level":"ALL","message":"03-12 17:25:42.083  2122  2425 D EGL_emulation: eglMakeCurrent: 0xdfd6aec0: ver 3 1 (tinfo 0xbf397940)"}
{"timestamp":1584030343726,"level":"ALL","message":"03-12 17:25:42.085  1762  1949 D gralloc_ranchu: gralloc_alloc: Creating ashmem region of size 274432"}
{"timestamp":1584030343740,"level":"ALL","message":"03-12 17:25:42.105  2122  2425 D EGL_emulation: eglMakeCurrent: 0xdfd6aec0: ver 3 1 (tinfo 0xbf397940)"}
{"timestamp":1584030343751,"level":"ALL","message":"03-12 17:25:42.117  1762  1949 D gralloc_ranchu: gralloc_alloc: Creating ashmem region of size 274432"}
{"timestamp":1584030343917,"level":"ALL","message":"03-12 17:25:42.125  1762  1949 D gralloc_ranchu: gralloc_alloc: Creating ashmem region of size 274432"}
{"timestamp":1584030343917,"level":"ALL","message":"03-12 17:25:42.285  1775  1983 E SurfaceFlinger: ro.sf.lcd_density must be defined as a build property"}
{"timestamp":1584030343920,"level":"ALL","message":"03-12 17:25:42.285  1775  1983 E SurfaceFlinger: ro.sf.lcd_density must be defined as a build property"}
{"timestamp":1584030343920,"level":"ALL","message":"03-12 17:25:42.288 13529 13556 D libEGL  : Emulator has host GPU support, qemu.gles is set to 1."}
{"timestamp":1584030343942,"level":"ALL","message":"03-12 17:25:42.278 13529 13529 W RenderThread: type=1400 audit(0.0:584): avc: denied { write } for name=\"property_service\" dev=\"tmpfs\" ino=6778 scontext=u:r:untrusted_app_27:s0:c66,c257,c512,c768 tcontext=u:object_r:property_socket:s0 tclass=sock_file permissive=0 app=org.nativescript.SampleApp"}
{"timestamp":1584030343947,"level":"ALL","message":"03-12 17:25:42.310 13529 13556 W libc    : Unable to set property \"qemu.gles\" to \"1\": connection failed; errno=13 (Permission denied)"}
{"timestamp":1584030343957,"level":"ALL","message":"03-12 17:25:42.325 13529 13556 D libEGL  : loaded /vendor/lib/egl/libEGL_emulation.so"}
{"timestamp":1584030343958,"level":"ALL","message":"03-12 17:25:42.326 13529 13556 D libEGL  : loaded /vendor/lib/egl/libGLESv1_CM_emulation.so"}
{"timestamp":1584030343968,"level":"ALL","message":"03-12 17:25:42.335 13529 13556 D libEGL  : loaded /vendor/lib/egl/libGLESv2_emulation.so"}
{"timestamp":1584030344003,"level":"ALL","message":"03-12 17:25:42.371  1759  2220 E GnssHAL_GnssInterface: gnssSvStatusCb: a: input svInfo.flags is 8"}
{"timestamp":1584030344003,"level":"ALL","message":"03-12 17:25:42.371  1759  2220 E GnssHAL_GnssInterface: gnssSvStatusCb: b: input svInfo.flags is 8"}
{"timestamp":1584030344673,"level":"ALL","message":"03-12 17:25:43.041 13529 13529 W System.err: SLF4J: Failed to load class \"org.slf4j.impl.StaticLoggerBinder\"."}
{"timestamp":1584030344674,"level":"ALL","message":"03-12 17:25:43.041 13529 13529 W System.err: SLF4J: Defaulting to no-operation (NOP) logger implementation"}
{"timestamp":1584030344674,"level":"ALL","message":"03-12 17:25:43.041 13529 13529 W System.err: SLF4J: See http://www.slf4j.org/codes.html#StaticLoggerBinder for further details."}
{"timestamp":1584030344678,"level":"ALL","message":"03-12 17:25:43.046 13529 13529 D io.sentry.android.AndroidSentryClientFactory: Construction of Android Sentry."}
{"timestamp":1584030344682,"level":"ALL","message":"03-12 17:25:43.050 13529 13529 D io.sentry.android.AndroidSentryClientFactory: Sentry init with ctx='com.tns.NativeScriptApplication@ee88fea'"}
{"timestamp":1584030344712,"level":"ALL","message":"03-12 17:25:43.079 13529 13529 D io.sentry.android.AndroidSentryClientFactory: Using buffer dir: /data/user/0/org.nativescript.SampleApp/cache/sentry-buffered-events"}
{"timestamp":1584030344741,"level":"ALL","message":"03-12 17:25:43.088 13529 13529 W cript.SampleApp: type=1400 audit(0.0:585): avc: denied { read } for name=\"version\" dev=\"proc\" ino=4026532036 scontext=u:r:untrusted_app_27:s0:c66,c257,c512,c768 tcontext=u:object_r:proc_version:s0 tclass=file permissive=0 app=org.nativescript.SampleApp"}
{"timestamp":1584030344991,"level":"ALL","message":"03-12 17:25:43.355 13529 13529 I JS      : [Thu Mar 12 2020 17:25:43 GMT+0100 (CET)] - INFO - SessionService : Load data from local session."}
{"timestamp":1584030345016,"level":"ALL","message":"03-12 17:25:43.376  1759  2220 E GnssHAL_GnssInterface: gnssSvStatusCb: a: input svInfo.flags is 8"}
{"timestamp":1584030345016,"level":"ALL","message":"03-12 17:25:43.376  1759  2220 E GnssHAL_GnssInterface: gnssSvStatusCb: b: input svInfo.flags is 8"}
{"timestamp":1584030345039,"level":"ALL","message":"03-12 17:25:43.404  1988  2823 W AppOps  : Noting op not finished: uid 10101 pkg com.google.android.gms code 41 time=1584030338389 duration=0"}
{"timestamp":1584030345138,"level":"ALL","message":"03-12 17:25:43.504 13529 13529 I JS      : Angular is running in the development mode. Call enableProdMode() to enable the production mode."}
{"timestamp":1584030345428,"level":"ALL","message":"03-12 17:25:43.796 13529 13529 W cript.SampleAp: Accessing hidden method Landroid/view/View;->computeFitSystemWindows(Landroid/graphics/Rect;Landroid/graphics/Rect;)Z (greylist, reflection, allowed)"}
{"timestamp":1584030345429,"level":"ALL","message":"03-12 17:25:43.796 13529 13529 W cript.SampleAp: Accessing hidden method Landroid/view/ViewGroup;->makeOptionalFitsSystemWindows()V (greylist, reflection, allowed)"}
{"timestamp":1584030345481,"level":"ALL","message":"03-12 17:25:43.834 13529 13529 W ContextImpl: Failed to ensure /storage/10EE-2F14/Android/data/org.nativescript.SampleApp/cache: java.lang.IllegalStateException: Failed to resolve /storage/10EE-2F14/Android/data/org.nativescript.SampleApp/cache: java.io.IOException: I/O error"}
{"timestamp":1584030345719,"level":"ALL","message":"03-12 17:25:44.086 13529 13554 D HostConnection: HostConnection::get() New Host Connection established 0xd7c4d190, tid 13554"}
{"timestamp":1584030345719,"level":"ALL","message":"03-12 17:25:44.086 13529 13554 D HostConnection: HostComposition ext ANDROID_EMU_CHECKSUM_HELPER_v1 ANDROID_EMU_native_sync_v2 ANDROID_EMU_native_sync_v3 ANDROID_EMU_native_sync_v4 ANDROID_EMU_dma_v1 ANDROID_EMU_direct_mem ANDROID_EMU_host_composition_v1 ANDROID_EMU_host_composition_v2 ANDROID_EMU_vulkan ANDROID_EMU_deferred_vulkan_commands ANDROID_EMU_vulkan_null_optional_strings ANDROID_EMU_vulkan_create_resources_with_requirements ANDROID_EMU_YUV420_888_to_NV21 ANDROID_EMU_YUV_Cache ANDROID_EMU_async_unmap_buffer GL_OES_EGL_image_external_essl3 GL_OES_vertex_array_object GL_KHR_texture_compression_astc_ldr ANDROID_EMU_gles_max_version_3_1"}
{"timestamp":1584030345748,"level":"ALL","message":"03-12 17:25:44.091 13529 13554 W OpenGLRenderer: Failed to choose config with EGL_SWAP_BEHAVIOR_PRESERVED, retrying without..."}
{"timestamp":1584030345748,"level":"ALL","message":"03-12 17:25:44.102 13529 13554 D EGL_emulation: eglCreateContext: 0xd7c1a300: maj 3 min 1 rcv 4"}
{"timestamp":1584030345748,"level":"ALL","message":"03-12 17:25:44.108 13529 13554 D EGL_emulation: eglMakeCurrent: 0xd7c1a300: ver 3 1 (tinfo 0xd7c0f3a0)"}
{"timestamp":1584030345748,"level":"ALL","message":"03-12 17:25:44.109 13529 13554 E eglCodecCommon: glUtilsParamSize: unknow param 0x000082da"}
{"timestamp":1584030345757,"level":"ALL","message":"03-12 17:25:44.109 13529 13554 E eglCodecCommon: glUtilsParamSize: unknow param 0x000082da"}
{"timestamp":1584030345757,"level":"ALL","message":"03-12 17:25:44.124  1762  1949 D gralloc_ranchu: gralloc_alloc: Creating ashmem region of size 8298496"}
{"timestamp":1584030345769,"level":"ALL","message":"03-12 17:25:44.137  1636  1636 I hwservicemanager: getTransport: Cannot find entry android.hardware.graphics.mapper@3.0::IMapper/default in either framework or device manifest."}
{"timestamp":1584030345771,"level":"ALL","message":"03-12 17:25:44.138 13529 13554 W Gralloc3: mapper 3.x is not supported"}
{"timestamp":1584030345773,"level":"ALL","message":"03-12 17:25:44.139 13529 13554 D HostConnection: createUnique: call"}
{"timestamp":1584030345773,"level":"ALL","message":"03-12 17:25:44.141 13529 13554 D HostConnection: HostConnection::get() New Host Connection established 0xd7c4d410, tid 13554"}
{"timestamp":1584030345773,"level":"ALL","message":"03-12 17:25:44.141 13529 13554 D HostConnection: HostComposition ext ANDROID_EMU_CHECKSUM_HELPER_v1 ANDROID_EMU_native_sync_v2 ANDROID_EMU_native_sync_v3 ANDROID_EMU_native_sync_v4 ANDROID_EMU_dma_v1 ANDROID_EMU_direct_mem ANDROID_EMU_host_composition_v1 ANDROID_EMU_host_composition_v2 ANDROID_EMU_vulkan ANDROID_EMU_deferred_vulkan_commands ANDROID_EMU_vulkan_null_optional_strings ANDROID_EMU_vulkan_create_resources_with_requirements ANDROID_EMU_YUV420_888_to_NV21 ANDROID_EMU_YUV_Cache ANDROID_EMU_async_unmap_buffer GL_OES_EGL_image_external_essl3 GL_OES_vertex_array_object GL_KHR_texture_compression_astc_ldr ANDROID_EMU_gles_max_version_3_1"}
{"timestamp":1584030345826,"level":"ALL","message":"03-12 17:25:44.190 13529 13554 D eglCodecCommon: allocate: Ask for block of size 0x1000"}
{"timestamp":1584030345826,"level":"ALL","message":"03-12 17:25:44.191 13529 13554 D eglCodecCommon: allocate: ioctl allocate returned offset 0x3ff803000 size 0x2000"}
{"timestamp":1584030345827,"level":"ALL","message":"03-12 17:25:44.194  1762  1949 D gralloc_ranchu: gralloc_alloc: Creating ashmem region of size 8298496"}
{"timestamp":1584030345868,"level":"ALL","message":"03-12 17:25:44.207  1762  1949 D gralloc_ranchu: gralloc_alloc: Creating ashmem region of size 8298496"}
{"timestamp":1584030345868,"level":"ALL","message":"03-12 17:25:44.229 13529 13554 D EGL_emulation: eglMakeCurrent: 0xd7c1a300: ver 3 1 (tinfo 0xd7c0f3a0)"}
{"timestamp":1584030345993,"level":"ALL","message":"03-12 17:25:44.359  1988  2013 I ActivityTaskManager: Displayed org.nativescript.SampleApp/com.tns.NativeScriptActivity: +5s261ms"}
{"timestamp":1584030346010,"level":"ALL","message":"03-12 17:25:44.372  1759  2220 E GnssHAL_GnssInterface: gnssSvStatusCb: a: input svInfo.flags is 8"}
{"timestamp":1584030346010,"level":"ALL","message":"03-12 17:25:44.372  1759  2220 E GnssHAL_GnssInterface: gnssSvStatusCb: b: input svInfo.flags is 8"}
{"timestamp":1584030346022,"level":"ALL","message":"03-12 17:25:44.376 13477 13519 I appium  : channel read invoked!"}
{"timestamp":1584030346022,"level":"ALL","message":"03-12 17:25:44.376 13477 13519 I appium  : channel read: GET /wd/hub/session/0725734f-27d6-4a91-810e-53b47ead3375/appium/device/pixel_ratio"}
{"timestamp":1584030346022,"level":"ALL","message":"03-12 17:25:44.377 13477 13519 I appium  : Get device pixel ratio"}
{"timestamp":1584030346022,"level":"ALL","message":"03-12 17:25:44.383 13477 13519 I appium  : AppiumResponse: {\"sessionId\":\"0725734f-27d6-4a91-810e-53b47ead3375\",\"value\":2.625}"}
{"timestamp":1584030346030,"level":"ALL","message":"03-12 17:25:44.392 13477 13519 I appium  : channel read invoked!"}
{"timestamp":1584030346030,"level":"ALL","message":"03-12 17:25:44.392 13477 13519 I appium  : channel read: GET /wd/hub/session/0725734f-27d6-4a91-810e-53b47ead3375/appium/device/system_bars"}
{"timestamp":1584030346030,"level":"ALL","message":"03-12 17:25:44.393 13477 13519 I appium  : Get status bar height of the device"}
{"timestamp":1584030346030,"level":"ALL","message":"03-12 17:25:44.394 13477 13519 I appium  : AppiumResponse: {\"sessionId\":\"0725734f-27d6-4a91-810e-53b47ead3375\",\"value\":{\"statusBar\":63}}"}
{"timestamp":1584030346037,"level":"ALL","message":"03-12 17:25:44.403 13477 13519 I appium  : channel read invoked!"}
{"timestamp":1584030346037,"level":"ALL","message":"03-12 17:25:44.404 13477 13519 I appium  : channel read: GET /wd/hub/session/0725734f-27d6-4a91-810e-53b47ead3375/window/current/size"}
{"timestamp":1584030346037,"level":"ALL","message":"03-12 17:25:44.404 13477 13519 I appium  : Get window size of the device"}
{"timestamp":1584030346050,"level":"ALL","message":"03-12 17:25:44.408 13477 13519 I appium  : AppiumResponse: {\"sessionId\":\"0725734f-27d6-4a91-810e-53b47ead3375\",\"value\":{\"height\":1794,\"width\":1080}}"}
{"timestamp":1584030346073,"level":"ALL","message":"03-12 17:25:44.424 13529 13540 I cript.SampleAp: Background concurrent copying GC freed 2609(183KB) AllocSpace objects, 0(0B) LOS objects, 49% free, 1931KB/3863KB, paused 6.303ms total 99.631ms"}
{"timestamp":1584030346082,"level":"ALL","message":"03-12 17:25:44.444 13477 13519 I appium  : channel read invoked!"}
{"timestamp":1584030346082,"level":"ALL","message":"03-12 17:25:44.444 13477 13519 I appium  : channel read: GET /wd/hub/session/0725734f-27d6-4a91-810e-53b47ead3375"}
{"timestamp":1584030346082,"level":"ALL","message":"03-12 17:25:44.445 13477 13519 I appium  : AppiumResponse: {\"sessionId\":\"0725734f-27d6-4a91-810e-53b47ead3375\",\"value\":{}}"}
{"timestamp":1584030346137,"level":"ALL","message":"03-12 17:25:44.493 13477 13519 I appium  : channel read invoked!"}
{"timestamp":1584030346137,"level":"ALL","message":"03-12 17:25:44.494 13477 13519 I appium  : channel read: GET /wd/hub/session/0725734f-27d6-4a91-810e-53b47ead3375/appium/settings"}
{"timestamp":1584030346137,"level":"ALL","message":"03-12 17:25:44.500 13477 13519 I appium  : AppiumResponse: {\"sessionId\":\"0725734f-27d6-4a91-810e-53b47ead3375\",\"value\":{\"actionAcknowledgmentTimeout\":3000,\"allowInvisibleElements\":false,\"ignoreUnimportantViews\":false,\"elementResponseAttributes\":\"\",\"enableMultiWindows\":false,\"enableNotificationListener\":true,\"keyInjectionDelay\":0,\"scrollAcknowledgmentTime..."}
{"timestamp":1584030346406,"level":"ALL","message":"03-12 17:25:44.770 13477 13519 I appium  : channel read invoked!"}
{"timestamp":1584030346406,"level":"ALL","message":"03-12 17:25:44.771 13477 13519 I appium  : channel read: GET /wd/hub/session/0725734f-27d6-4a91-810e-53b47ead3375/screenshot"}
{"timestamp":1584030346406,"level":"ALL","message":"03-12 17:25:44.771 13477 13519 I appium  : Capture screenshot command"}
{"timestamp":1584030346464,"level":"ALL","message":"03-12 17:25:44.827 13529 13529 I Choreographer: Skipped 41 frames!  The application may be doing too much work on its main thread."}
{"timestamp":1584030346595,"level":"ALL","message":"03-12 17:25:44.951  1762  1949 D gralloc_ranchu: gralloc_alloc: Creating ashmem region of size 8298496"}
{"timestamp":1584030346603,"level":"ALL","message":"03-12 17:25:44.967  1636  1636 I hwservicemanager: getTransport: Cannot find entry android.hardware.graphics.mapper@3.0::IMapper/default in either framework or device manifest."}
{"timestamp":1584030346603,"level":"ALL","message":"03-12 17:25:44.968 13572 13572 W Gralloc3: mapper 3.x is not supported"}
{"timestamp":1584030346611,"level":"ALL","message":"03-12 17:25:44.977 13572 13572 D HostConnection: createUnique: call"}
{"timestamp":1584030346611,"level":"ALL","message":"03-12 17:25:44.978 13572 13572 D HostConnection: HostConnection::get() New Host Connection established 0xf7112d70, tid 13572"}
{"timestamp":1584030346613,"level":"ALL","message":"03-12 17:25:44.979 13572 13572 D HostConnection: HostComposition ext ANDROID_EMU_CHECKSUM_HELPER_v1 ANDROID_EMU_native_sync_v2 ANDROID_EMU_native_sync_v3 ANDROID_EMU_native_sync_v4 ANDROID_EMU_dma_v1 ANDROID_EMU_direct_mem ANDROID_EMU_host_composition_v1 ANDROID_EMU_host_composition_v2 ANDROID_EMU_vulkan ANDROID_EMU_deferred_vulkan_commands ANDROID_EMU_vulkan_null_optional_strings ANDROID_EMU_vulkan_create_resources_with_requirements ANDROID_EMU_YUV420_888_to_NV21 ANDROID_EMU_YUV_Cache ANDROID_EMU_async_unmap_buffer GL_OES_EGL_image_external_essl3 GL_OES_vertex_array_object GL_KHR_texture_compression_astc_ldr ANDROID_EMU_gles_max_version_3_1"}
{"timestamp":1584030346613,"level":"ALL","message":"03-12 17:25:44.980 13572 13572 D eglCodecCommon: allocate: Ask for block of size 0x1000"}
{"timestamp":1584030346616,"level":"ALL","message":"03-12 17:25:44.981 13572 13572 D eglCodecCommon: allocate: ioctl allocate returned offset 0x3ff801000 size 0x2000"}
{"timestamp":1584030346646,"level":"ALL","message":"03-12 17:25:45.012 13572 13572 D eglCodecCommon: allocate: Ask for block of size 0x7ea000"}
{"timestamp":1584030346646,"level":"ALL","message":"03-12 17:25:45.013 13572 13572 D eglCodecCommon: allocate: ioctl allocate returned offset 0x3ff018000 size 0x7eb000"}
{"timestamp":1584030346681,"level":"ALL","message":"03-12 17:25:45.043 13529 13554 I OpenGLRenderer: Davey! duration=913ms; Flags=0, IntendedVsync=164268559219893, Vsync=164269242553199, OldestInputEvent=9223372036854775807, NewestInputEvent=0, HandleInputStart=164269259041620, AnimationStart=164269259132020, PerformTraversalsStart=164269265315120, DrawStart=164269287852120, SyncQueued=164269291571420, SyncStart=164269292130120, IssueDrawCommandsStart=164269294107920, SwapBuffers=164269469928920, FrameCompleted=164269473558420, DequeueBufferDuration=236000, QueueBufferDuration=2658000,"}
{"timestamp":1584030346727,"level":"ALL","message":"03-12 17:25:45.091  3803  3950 W SearchServiceCore: Abort, client detached."}
{"timestamp":1584030346748,"level":"ALL","message":"03-12 17:25:45.115  3803 13585 I PBSessionCacheImpl: Deleted sessionId[977912770897] from persistence."}
{"timestamp":1584030346879,"level":"ALL","message":"03-12 17:25:45.245 13477 13519 I appium  : AppiumResponse: {\"sessionId\":\"0725734f-27d6-4a91-810e-53b47ead3375\",\"value\":\"iVBORw0KGgoAAAANSUhEUgAABDgAAAeACAYAAAArYecKAAAAAXNSR0IArs4c6QAAAARzQklUCAgI\\nCHwIZIgAACAASURBVHic7NhBDQAhEMDA4xStf3MgggdpMqOg766Z2R8AAABA2P86AAAAAOCWwQEA\\nAADkGRwAAABAnsEBAAAA5BkcAAAAQJ7BAQAAAOQZHAAAAECewQEAAADkGRwAAABAnsEBAAAA5Bkc\\nAA..."}
{"timestamp":1584030346903,"level":"ALL","message":"03-12 17:25:45.270 13477 13519 I appium  : channel read invoked!"}
{"timestamp":1584030346903,"level":"ALL","message":"03-12 17:25:45.270 13477 13519 I appium  : channel read: GET /wd/hub/session/0725734f-27d6-4a91-810e-53b47ead3375/source"}
{"timestamp":1584030346903,"level":"ALL","message":"03-12 17:25:45.271 13477 13519 I appium  : Waiting up to 10000ms for device to be idle"}
{"timestamp":1584030347007,"level":"ALL","message":"03-12 17:25:45.372  1759  2220 E GnssHAL_GnssInterface: gnssSvStatusCb: a: input svInfo.flags is 8"}
{"timestamp":1584030347007,"level":"ALL","message":"03-12 17:25:45.372  1759  2220 E GnssHAL_GnssInterface: gnssSvStatusCb: b: input svInfo.flags is 8"}
{"timestamp":1584030347111,"level":"ALL","message":"03-12 17:25:45.474 13477 13519 I appium  : AppiumResponse: {\"sessionId\":\"0725734f-27d6-4a91-810e-53b47ead3375\",\"value\":\"<?xml version='1.0' encoding='UTF-8' standalone='yes' ?>\\r\\n<hierarchy index=\\\"0\\\" class=\\\"hierarchy\\\" rotation=\\\"0\\\" width=\\\"1080\\\" height=\\\"1794\\\">\\r\\n  <android.widget.FrameLayout index=\\\"0\\\" package=\\\"org.nativescript.SampleApp\\\" cl..."}